# JRE version: OpenJDK Runtime Environment Temurin-21.0.9+10 (21.0.9+10) (build 21.0.9+10-LTS)
# Java VM: OpenJDK 64-Bit Server VM Temurin-21.0.9+10 (21.0.9+10-LTS, mixed mode, sharing, tiered, compressed oops, compressed class ptrs, parallel gc, windows-amd64)
GC Precious Log:
 CardTable entry size: 512
 CPUs: 32 total, 32 available
 Memory: 65270M
 Large Page Support: Disabled
 NUMA Support: Disabled
 Compressed Oops: Enabled (32-bit)
 Alignments: Space 512K, Generation 512K, Heap 2M
 Heap Min Capacity: 100M
 Heap Initial Capacity: 100M
 Heap Max Capacity: 2G
 Pre-touch: Disabled
 Parallel Workers: 23
Heap:
 PSYoungGen      total 15360K, used 4473K [0x00000000d5580000, 0x00000000d6780000, 0x0000000100000000)
  eden space 14336K, 25% used [0x00000000d5580000,0x00000000d59067a0,0x00000000d6380000)
  from space 1024K, 84% used [0x00000000d6680000,0x00000000d6758000,0x00000000d6780000)
  to   space 1536K, 0% used [0x00000000d6480000,0x00000000d6480000,0x00000000d6600000)
 ParOldGen       total 121856K, used 121514K [0x0000000080000000, 0x0000000087700000, 0x00000000d5580000)
  object space 121856K, 99% used [0x0000000080000000,0x00000000876aa990,0x0000000087700000)
 Metaspace       used 70883K, committed 72448K, reserved 1114112K
  class space    used 7478K, committed 8192K, reserved 1048576K
GC Heap History (20 events):
Event: 6.565 GC heap before
{Heap before GC invocations=140 (full 3):
 PSYoungGen      total 22016K, used 21760K [0x00000000d5580000, 0x00000000d6c00000, 0x0000000100000000)
  eden space 20992K, 100% used [0x00000000d5580000,0x00000000d6a00000,0x00000000d6a00000)
  from space 1024K, 75% used [0x00000000d6b00000,0x00000000d6bc0000,0x00000000d6c00000)
  to   space 1024K, 0% used [0x00000000d6a00000,0x00000000d6a00000,0x00000000d6b00000)
 ParOldGen       total 111616K, used 111462K [0x0000000080000000, 0x0000000086d00000, 0x00000000d5580000)
  object space 111616K, 99% used [0x0000000080000000,0x0000000086cd9bf0,0x0000000086d00000)
 Metaspace       used 65846K, committed 67328K, reserved 1114112K
  class space    used 6945K, committed 7616K, reserved 1048576K
}
Event: 6.566 GC heap after
{Heap after GC invocations=140 (full 3):
 PSYoungGen      total 22016K, used 704K [0x00000000d5580000, 0x00000000d6c00000, 0x0000000100000000)
  eden space 20992K, 0% used [0x00000000d5580000,0x00000000d5580000,0x00000000d6a00000)
  from space 1024K, 68% used [0x00000000d6a00000,0x00000000d6ab0000,0x00000000d6b00000)
  to   space 1024K, 0% used [0x00000000d6b00000,0x00000000d6b00000,0x00000000d6c00000)
 ParOldGen       total 112128K, used 111654K [0x0000000080000000, 0x0000000086d80000, 0x00000000d5580000)
  object space 112128K, 99% used [0x0000000080000000,0x0000000086d09bf0,0x0000000086d80000)
 Metaspace       used 65846K, committed 67328K, reserved 1114112K
  class space    used 6945K, committed 7616K, reserved 1048576K
}
Event: 6.572 GC heap before
{Heap before GC invocations=141 (full 3):
 PSYoungGen      total 22016K, used 21696K [0x00000000d5580000, 0x00000000d6c00000, 0x0000000100000000)
  eden space 20992K, 100% used [0x00000000d5580000,0x00000000d6a00000,0x00000000d6a00000)
  from space 1024K, 68% used [0x00000000d6a00000,0x00000000d6ab0000,0x00000000d6b00000)
  to   space 1024K, 0% used [0x00000000d6b00000,0x00000000d6b00000,0x00000000d6c00000)
 ParOldGen       total 112128K, used 111654K [0x0000000080000000, 0x0000000086d80000, 0x00000000d5580000)
  object space 112128K, 99% used [0x0000000080000000,0x0000000086d09bf0,0x0000000086d80000)
 Metaspace       used 65860K, committed 67328K, reserved 1114112K
  class space    used 6945K, committed 7616K, reserved 1048576K
}
Event: 6.573 GC heap after
{Heap after GC invocations=141 (full 3):
 PSYoungGen      total 22016K, used 704K [0x00000000d5580000, 0x00000000d6c00000, 0x0000000100000000)
  eden space 20992K, 0% used [0x00000000d5580000,0x00000000d5580000,0x00000000d6a00000)
  from space 1024K, 68% used [0x00000000d6b00000,0x00000000d6bb0000,0x00000000d6c00000)
  to   space 1024K, 0% used [0x00000000d6a00000,0x00000000d6a00000,0x00000000d6b00000)
 ParOldGen       total 112128K, used 111862K [0x0000000080000000, 0x0000000086d80000, 0x00000000d5580000)
  object space 112128K, 99% used [0x0000000080000000,0x0000000086d3dbf0,0x0000000086d80000)
 Metaspace       used 65860K, committed 67328K, reserved 1114112K
  class space    used 6945K, committed 7616K, reserved 1048576K
}
Event: 6.589 GC heap before
{Heap before GC invocations=142 (full 3):
 PSYoungGen      total 22016K, used 21696K [0x00000000d5580000, 0x00000000d6c00000, 0x0000000100000000)
  eden space 20992K, 100% used [0x00000000d5580000,0x00000000d6a00000,0x00000000d6a00000)
  from space 1024K, 68% used [0x00000000d6b00000,0x00000000d6bb0000,0x00000000d6c00000)
  to   space 1024K, 0% used [0x00000000d6a00000,0x00000000d6a00000,0x00000000d6b00000)
 ParOldGen       total 112128K, used 111862K [0x0000000080000000, 0x0000000086d80000, 0x00000000d5580000)
  object space 112128K, 99% used [0x0000000080000000,0x0000000086d3dbf0,0x0000000086d80000)
 Metaspace       used 65934K, committed 67392K, reserved 1114112K
  class space    used 6952K, committed 7616K, reserved 1048576K
}
Event: 6.590 GC heap after
{Heap after GC invocations=142 (full 3):
 PSYoungGen      total 22016K, used 704K [0x00000000d5580000, 0x00000000d6c00000, 0x0000000100000000)
  eden space 20992K, 0% used [0x00000000d5580000,0x00000000d5580000,0x00000000d6a00000)
  from space 1024K, 68% used [0x00000000d6a00000,0x00000000d6ab0000,0x00000000d6b00000)
  to   space 1024K, 0% used [0x00000000d6b00000,0x00000000d6b00000,0x00000000d6c00000)
 ParOldGen       total 112128K, used 112054K [0x0000000080000000, 0x0000000086d80000, 0x00000000d5580000)
  object space 112128K, 99% used [0x0000000080000000,0x0000000086d6dbf0,0x0000000086d80000)
 Metaspace       used 65934K, committed 67392K, reserved 1114112K
  class space    used 6952K, committed 7616K, reserved 1048576K
}
Event: 6.685 GC heap before
{Heap before GC invocations=143 (full 3):
 PSYoungGen      total 22016K, used 21696K [0x00000000d5580000, 0x00000000d6c00000, 0x0000000100000000)
  eden space 20992K, 100% used [0x00000000d5580000,0x00000000d6a00000,0x00000000d6a00000)
  from space 1024K, 68% used [0x00000000d6a00000,0x00000000d6ab0000,0x00000000d6b00000)
  to   space 1024K, 0% used [0x00000000d6b00000,0x00000000d6b00000,0x00000000d6c00000)
 ParOldGen       total 112128K, used 112054K [0x0000000080000000, 0x0000000086d80000, 0x00000000d5580000)
  object space 112128K, 99% used [0x0000000080000000,0x0000000086d6dbf0,0x0000000086d80000)
 Metaspace       used 66354K, committed 67904K, reserved 1114112K
  class space    used 7016K, committed 7680K, reserved 1048576K
}
Event: 6.688 GC heap after
{Heap after GC invocations=143 (full 3):
 PSYoungGen      total 17920K, used 1002K [0x00000000d5580000, 0x00000000d7400000, 0x0000000100000000)
  eden space 16896K, 0% used [0x00000000d5580000,0x00000000d5580000,0x00000000d6600000)
  from space 1024K, 97% used [0x00000000d6b00000,0x00000000d6bfa868,0x00000000d6c00000)
  to   space 5120K, 0% used [0x00000000d6600000,0x00000000d6600000,0x00000000d6b00000)
 ParOldGen       total 115712K, used 115396K [0x0000000080000000, 0x0000000087100000, 0x00000000d5580000)
  object space 115712K, 99% used [0x0000000080000000,0x00000000870b1138,0x0000000087100000)
 Metaspace       used 66354K, committed 67904K, reserved 1114112K
  class space    used 7016K, committed 7680K, reserved 1048576K
}
Event: 6.747 GC heap before
{Heap before GC invocations=144 (full 3):
 PSYoungGen      total 17920K, used 17898K [0x00000000d5580000, 0x00000000d7400000, 0x0000000100000000)
  eden space 16896K, 99% used [0x00000000d5580000,0x00000000d65fffd8,0x00000000d6600000)
  from space 1024K, 97% used [0x00000000d6b00000,0x00000000d6bfa868,0x00000000d6c00000)
  to   space 5120K, 0% used [0x00000000d6600000,0x00000000d6600000,0x00000000d6b00000)
 ParOldGen       total 115712K, used 115396K [0x0000000080000000, 0x0000000087100000, 0x00000000d5580000)
  object space 115712K, 99% used [0x0000000080000000,0x00000000870b1138,0x0000000087100000)
 Metaspace       used 66613K, committed 68160K, reserved 1114112K
  class space    used 7037K, committed 7744K, reserved 1048576K
}
Event: 6.749 GC heap after
{Heap after GC invocations=144 (full 3):
 PSYoungGen      total 18432K, used 1358K [0x00000000d5580000, 0x00000000d6b80000, 0x0000000100000000)
  eden space 16896K, 0% used [0x00000000d5580000,0x00000000d5580000,0x00000000d6600000)
  from space 1536K, 88% used [0x00000000d6600000,0x00000000d6753b20,0x00000000d6780000)
  to   space 2560K, 0% used [0x00000000d6900000,0x00000000d6900000,0x00000000d6b80000)
 ParOldGen       total 116224K, used 116128K [0x0000000080000000, 0x0000000087180000, 0x00000000d5580000)
  object space 116224K, 99% used [0x0000000080000000,0x00000000871681a8,0x0000000087180000)
 Metaspace       used 66613K, committed 68160K, reserved 1114112K
  class space    used 7037K, committed 7744K, reserved 1048576K
}
Event: 6.791 GC heap before
{Heap before GC invocations=145 (full 3):
 PSYoungGen      total 18432K, used 18254K [0x00000000d5580000, 0x00000000d6b80000, 0x0000000100000000)
  eden space 16896K, 100% used [0x00000000d5580000,0x00000000d6600000,0x00000000d6600000)
  from space 1536K, 88% used [0x00000000d6600000,0x00000000d6753b20,0x00000000d6780000)
  to   space 2560K, 0% used [0x00000000d6900000,0x00000000d6900000,0x00000000d6b80000)
 ParOldGen       total 116224K, used 116128K [0x0000000080000000, 0x0000000087180000, 0x00000000d5580000)
  object space 116224K, 99% used [0x0000000080000000,0x00000000871681a8,0x0000000087180000)
 Metaspace       used 66793K, committed 68352K, reserved 1114112K
  class space    used 7042K, committed 7744K, reserved 1048576K
}
Event: 6.792 GC heap after
{Heap after GC invocations=145 (full 3):
 PSYoungGen      total 17920K, used 688K [0x00000000d5580000, 0x00000000d6a00000, 0x0000000100000000)
  eden space 16896K, 0% used [0x00000000d5580000,0x00000000d5580000,0x00000000d6600000)
  from space 1024K, 67% used [0x00000000d6900000,0x00000000d69ac010,0x00000000d6a00000)
  to   space 1536K, 0% used [0x00000000d6700000,0x00000000d6700000,0x00000000d6880000)
 ParOldGen       total 117248K, used 116828K [0x0000000080000000, 0x0000000087280000, 0x00000000d5580000)
  object space 117248K, 99% used [0x0000000080000000,0x00000000872173c8,0x0000000087280000)
 Metaspace       used 66793K, committed 68352K, reserved 1114112K
  class space    used 7042K, committed 7744K, reserved 1048576K
}
Event: 6.945 GC heap before
{Heap before GC invocations=146 (full 3):
 PSYoungGen      total 17920K, used 17584K [0x00000000d5580000, 0x00000000d6a00000, 0x0000000100000000)
  eden space 16896K, 99% used [0x00000000d5580000,0x00000000d65ffff0,0x00000000d6600000)
  from space 1024K, 67% used [0x00000000d6900000,0x00000000d69ac010,0x00000000d6a00000)
  to   space 1536K, 0% used [0x00000000d6700000,0x00000000d6700000,0x00000000d6880000)
 ParOldGen       total 117248K, used 116828K [0x0000000080000000, 0x0000000087280000, 0x00000000d5580000)
  object space 117248K, 99% used [0x0000000080000000,0x00000000872173c8,0x0000000087280000)
 Metaspace       used 68001K, committed 69504K, reserved 1114112K
  class space    used 7157K, committed 7872K, reserved 1048576K
}
Event: 6.947 GC heap after
{Heap after GC invocations=146 (full 3):
 PSYoungGen      total 18432K, used 896K [0x00000000d5580000, 0x00000000d6980000, 0x0000000100000000)
  eden space 16896K, 0% used [0x00000000d5580000,0x00000000d5580000,0x00000000d6600000)
  from space 1536K, 58% used [0x00000000d6700000,0x00000000d67e0020,0x00000000d6880000)
  to   space 1024K, 0% used [0x00000000d6880000,0x00000000d6880000,0x00000000d6980000)
 ParOldGen       total 117248K, used 117008K [0x0000000080000000, 0x0000000087280000, 0x00000000d5580000)
  object space 117248K, 99% used [0x0000000080000000,0x00000000872443d8,0x0000000087280000)
 Metaspace       used 68001K, committed 69504K, reserved 1114112K
  class space    used 7157K, committed 7872K, reserved 1048576K
}
Event: 7.060 GC heap before
{Heap before GC invocations=147 (full 3):
 PSYoungGen      total 18432K, used 17792K [0x00000000d5580000, 0x00000000d6980000, 0x0000000100000000)
  eden space 16896K, 100% used [0x00000000d5580000,0x00000000d6600000,0x00000000d6600000)
  from space 1536K, 58% used [0x00000000d6700000,0x00000000d67e0020,0x00000000d6880000)
  to   space 1024K, 0% used [0x00000000d6880000,0x00000000d6880000,0x00000000d6980000)
 ParOldGen       total 117248K, used 117008K [0x0000000080000000, 0x0000000087280000, 0x00000000d5580000)
  object space 117248K, 99% used [0x0000000080000000,0x00000000872443d8,0x0000000087280000)
 Metaspace       used 68796K, committed 70272K, reserved 1114112K
  class space    used 7221K, committed 7936K, reserved 1048576K
}
Event: 7.061 GC heap after
{Heap after GC invocations=147 (full 3):
 PSYoungGen      total 15360K, used 1013K [0x00000000d5580000, 0x00000000d7000000, 0x0000000100000000)
  eden space 14336K, 0% used [0x00000000d5580000,0x00000000d5580000,0x00000000d6380000)
  from space 1024K, 98% used [0x00000000d6880000,0x00000000d697d570,0x00000000d6980000)
  to   space 5120K, 0% used [0x00000000d6380000,0x00000000d6380000,0x00000000d6880000)
 ParOldGen       total 120320K, used 120137K [0x0000000080000000, 0x0000000087580000, 0x00000000d5580000)
  object space 120320K, 99% used [0x0000000080000000,0x0000000087552768,0x0000000087580000)
 Metaspace       used 68796K, committed 70272K, reserved 1114112K
  class space    used 7221K, committed 7936K, reserved 1048576K
}
Event: 7.261 GC heap before
{Heap before GC invocations=148 (full 3):
 PSYoungGen      total 15360K, used 15349K [0x00000000d5580000, 0x00000000d7000000, 0x0000000100000000)
  eden space 14336K, 100% used [0x00000000d5580000,0x00000000d6380000,0x00000000d6380000)
  from space 1024K, 98% used [0x00000000d6880000,0x00000000d697d570,0x00000000d6980000)
  to   space 5120K, 0% used [0x00000000d6380000,0x00000000d6380000,0x00000000d6880000)
 ParOldGen       total 120320K, used 120137K [0x0000000080000000, 0x0000000087580000, 0x00000000d5580000)
  object space 120320K, 99% used [0x0000000080000000,0x0000000087552768,0x0000000087580000)
 Metaspace       used 70626K, committed 72192K, reserved 1114112K
  class space    used 7458K, committed 8128K, reserved 1048576K
}
Event: 7.264 GC heap after
{Heap after GC invocations=148 (full 3):
 PSYoungGen      total 15360K, used 1017K [0x00000000d5580000, 0x00000000d6900000, 0x0000000100000000)
  eden space 14336K, 0% used [0x00000000d5580000,0x00000000d5580000,0x00000000d6380000)
  from space 1024K, 99% used [0x00000000d6380000,0x00000000d647e5d8,0x00000000d6480000)
  to   space 2560K, 0% used [0x00000000d6680000,0x00000000d6680000,0x00000000d6900000)
 ParOldGen       total 121344K, used 120870K [0x0000000080000000, 0x0000000087680000, 0x00000000d5580000)
  object space 121344K, 99% used [0x0000000080000000,0x0000000087609940,0x0000000087680000)
 Metaspace       used 70626K, committed 72192K, reserved 1114112K
  class space    used 7458K, committed 8128K, reserved 1048576K
}
Event: 7.613 GC heap before
{Heap before GC invocations=149 (full 3):
 PSYoungGen      total 15360K, used 15353K [0x00000000d5580000, 0x00000000d6900000, 0x0000000100000000)
  eden space 14336K, 100% used [0x00000000d5580000,0x00000000d6380000,0x00000000d6380000)
  from space 1024K, 99% used [0x00000000d6380000,0x00000000d647e5d8,0x00000000d6480000)
  to   space 2560K, 0% used [0x00000000d6680000,0x00000000d6680000,0x00000000d6900000)
 ParOldGen       total 121344K, used 120870K [0x0000000080000000, 0x0000000087680000, 0x00000000d5580000)
  object space 121344K, 99% used [0x0000000080000000,0x0000000087609940,0x0000000087680000)
 Metaspace       used 70783K, committed 72384K, reserved 1114112K
  class space    used 7465K, committed 8192K, reserved 1048576K
}
Event: 7.615 GC heap after
{Heap after GC invocations=149 (full 3):
 PSYoungGen      total 15360K, used 864K [0x00000000d5580000, 0x00000000d6780000, 0x0000000100000000)
  eden space 14336K, 0% used [0x00000000d5580000,0x00000000d5580000,0x00000000d6380000)
  from space 1024K, 84% used [0x00000000d6680000,0x00000000d6758000,0x00000000d6780000)
  to   space 1536K, 0% used [0x00000000d6480000,0x00000000d6480000,0x00000000d6600000)
 ParOldGen       total 121856K, used 121514K [0x0000000080000000, 0x0000000087700000, 0x00000000d5580000)
  object space 121856K, 99% used [0x0000000080000000,0x00000000876aa990,0x0000000087700000)
 Metaspace       used 70783K, committed 72384K, reserved 1114112K
  class space    used 7465K, committed 8192K, reserved 1048576K
}

