# JRE version: OpenJDK Runtime Environment Temurin-21.0.9+10 (21.0.9+10) (build 21.0.9+10-LTS)
# Java VM: OpenJDK 64-Bit Server VM Temurin-21.0.9+10 (21.0.9+10-LTS, mixed mode, sharing, tiered, compressed oops, compressed class ptrs, parallel gc, windows-amd64)
GC Precious Log:
 CardTable entry size: 512
 CPUs: 32 total, 32 available
 Memory: 65270M
 Large Page Support: Disabled
 NUMA Support: Disabled
 Compressed Oops: Enabled (32-bit)
 Alignments: Space 512K, Generation 512K, Heap 2M
 Heap Min Capacity: 100M
 Heap Initial Capacity: 100M
 Heap Max Capacity: 2G
 Pre-touch: Disabled
 Parallel Workers: 23
Heap:
 PSYoungGen      total 17408K, used 12417K [0x00000000d5580000, 0x00000000d6900000, 0x0000000100000000)
  eden space 14848K, 68% used [0x00000000d5580000,0x00000000d5f79c40,0x00000000d6400000)
  from space 2560K, 86% used [0x00000000d6400000,0x00000000d6626980,0x00000000d6680000)
  to   space 2560K, 0% used [0x00000000d6680000,0x00000000d6680000,0x00000000d6900000)
 ParOldGen       total 101376K, used 101201K [0x0000000080000000, 0x0000000086300000, 0x00000000d5580000)
  object space 101376K, 99% used [0x0000000080000000,0x00000000862d4468,0x0000000086300000)
 Metaspace       used 71643K, committed 73216K, reserved 1114112K
  class space    used 7600K, committed 8320K, reserved 1048576K
GC Heap History (20 events):
Event: 8.128 GC heap before
{Heap before GC invocations=89 (full 3):
 PSYoungGen      total 17408K, used 17399K [0x00000000d5580000, 0x00000000d6f80000, 0x0000000100000000)
  eden space 15360K, 99% used [0x00000000d5580000,0x00000000d647f880,0x00000000d6480000)
  from space 2048K, 99% used [0x00000000d6480000,0x00000000d667e470,0x00000000d6680000)
  to   space 5632K, 0% used [0x00000000d6a00000,0x00000000d6a00000,0x00000000d6f80000)
 ParOldGen       total 90624K, used 90367K [0x0000000080000000, 0x0000000085880000, 0x00000000d5580000)
  object space 90624K, 99% used [0x0000000080000000,0x000000008583ff40,0x0000000085880000)
 Metaspace       used 65322K, committed 66944K, reserved 1114112K
  class space    used 7048K, committed 7744K, reserved 1048576K
}
Event: 8.129 GC heap after
{Heap after GC invocations=89 (full 3):
 PSYoungGen      total 17920K, used 2355K [0x00000000d5580000, 0x00000000d6c80000, 0x0000000100000000)
  eden space 15360K, 0% used [0x00000000d5580000,0x00000000d5580000,0x00000000d6480000)
  from space 2560K, 92% used [0x00000000d6a00000,0x00000000d6c4cd20,0x00000000d6c80000)
  to   space 3584K, 0% used [0x00000000d6580000,0x00000000d6580000,0x00000000d6900000)
 ParOldGen       total 92672K, used 92639K [0x0000000080000000, 0x0000000085a80000, 0x00000000d5580000)
  object space 92672K, 99% used [0x0000000080000000,0x0000000085a77ef8,0x0000000085a80000)
 Metaspace       used 65322K, committed 66944K, reserved 1114112K
  class space    used 7048K, committed 7744K, reserved 1048576K
}
Event: 8.161 GC heap before
{Heap before GC invocations=90 (full 3):
 PSYoungGen      total 17920K, used 17715K [0x00000000d5580000, 0x00000000d6c80000, 0x0000000100000000)
  eden space 15360K, 100% used [0x00000000d5580000,0x00000000d6480000,0x00000000d6480000)
  from space 2560K, 92% used [0x00000000d6a00000,0x00000000d6c4cd20,0x00000000d6c80000)
  to   space 3584K, 0% used [0x00000000d6580000,0x00000000d6580000,0x00000000d6900000)
 ParOldGen       total 92672K, used 92639K [0x0000000080000000, 0x0000000085a80000, 0x00000000d5580000)
  object space 92672K, 99% used [0x0000000080000000,0x0000000085a77ef8,0x0000000085a80000)
 Metaspace       used 65471K, committed 67136K, reserved 1114112K
  class space    used 7079K, committed 7808K, reserved 1048576K
}
Event: 8.162 GC heap after
{Heap after GC invocations=90 (full 3):
 PSYoungGen      total 17408K, used 1751K [0x00000000d5580000, 0x00000000d6a80000, 0x0000000100000000)
  eden space 15360K, 0% used [0x00000000d5580000,0x00000000d5580000,0x00000000d6480000)
  from space 2048K, 85% used [0x00000000d6580000,0x00000000d6735d70,0x00000000d6780000)
  to   space 2560K, 0% used [0x00000000d6800000,0x00000000d6800000,0x00000000d6a80000)
 ParOldGen       total 93184K, used 93120K [0x0000000080000000, 0x0000000085b00000, 0x00000000d5580000)
  object space 93184K, 99% used [0x0000000080000000,0x0000000085af0368,0x0000000085b00000)
 Metaspace       used 65471K, committed 67136K, reserved 1114112K
  class space    used 7079K, committed 7808K, reserved 1048576K
}
Event: 8.182 GC heap before
{Heap before GC invocations=91 (full 3):
 PSYoungGen      total 17408K, used 17111K [0x00000000d5580000, 0x00000000d6a80000, 0x0000000100000000)
  eden space 15360K, 100% used [0x00000000d5580000,0x00000000d6480000,0x00000000d6480000)
  from space 2048K, 85% used [0x00000000d6580000,0x00000000d6735d70,0x00000000d6780000)
  to   space 2560K, 0% used [0x00000000d6800000,0x00000000d6800000,0x00000000d6a80000)
 ParOldGen       total 93184K, used 93120K [0x0000000080000000, 0x0000000085b00000, 0x00000000d5580000)
  object space 93184K, 99% used [0x0000000080000000,0x0000000085af0368,0x0000000085b00000)
 Metaspace       used 65724K, committed 67328K, reserved 1114112K
  class space    used 7095K, committed 7808K, reserved 1048576K
}
Event: 8.184 GC heap after
{Heap after GC invocations=91 (full 3):
 PSYoungGen      total 16384K, used 730K [0x00000000d5580000, 0x00000000d6900000, 0x0000000100000000)
  eden space 15360K, 0% used [0x00000000d5580000,0x00000000d5580000,0x00000000d6480000)
  from space 1024K, 71% used [0x00000000d6800000,0x00000000d68b6900,0x00000000d6900000)
  to   space 1536K, 0% used [0x00000000d6600000,0x00000000d6600000,0x00000000d6780000)
 ParOldGen       total 93696K, used 93504K [0x0000000080000000, 0x0000000085b80000, 0x00000000d5580000)
  object space 93696K, 99% used [0x0000000080000000,0x0000000085b50388,0x0000000085b80000)
 Metaspace       used 65724K, committed 67328K, reserved 1114112K
  class space    used 7095K, committed 7808K, reserved 1048576K
}
Event: 8.313 GC heap before
{Heap before GC invocations=92 (full 3):
 PSYoungGen      total 16384K, used 16089K [0x00000000d5580000, 0x00000000d6900000, 0x0000000100000000)
  eden space 15360K, 99% used [0x00000000d5580000,0x00000000d647fc80,0x00000000d6480000)
  from space 1024K, 71% used [0x00000000d6800000,0x00000000d68b6900,0x00000000d6900000)
  to   space 1536K, 0% used [0x00000000d6600000,0x00000000d6600000,0x00000000d6780000)
 ParOldGen       total 93696K, used 93504K [0x0000000080000000, 0x0000000085b80000, 0x00000000d5580000)
  object space 93696K, 99% used [0x0000000080000000,0x0000000085b50388,0x0000000085b80000)
 Metaspace       used 67059K, committed 68608K, reserved 1114112K
  class space    used 7205K, committed 7872K, reserved 1048576K
}
Event: 8.314 GC heap after
{Heap after GC invocations=92 (full 3):
 PSYoungGen      total 16896K, used 1505K [0x00000000d5580000, 0x00000000d6980000, 0x0000000100000000)
  eden space 15360K, 0% used [0x00000000d5580000,0x00000000d5580000,0x00000000d6480000)
  from space 1536K, 98% used [0x00000000d6600000,0x00000000d6778698,0x00000000d6780000)
  to   space 2048K, 0% used [0x00000000d6780000,0x00000000d6780000,0x00000000d6980000)
 ParOldGen       total 94208K, used 94032K [0x0000000080000000, 0x0000000085c00000, 0x00000000d5580000)
  object space 94208K, 99% used [0x0000000080000000,0x0000000085bd4388,0x0000000085c00000)
 Metaspace       used 67059K, committed 68608K, reserved 1114112K
  class space    used 7205K, committed 7872K, reserved 1048576K
}
Event: 8.641 GC heap before
{Heap before GC invocations=93 (full 3):
 PSYoungGen      total 16896K, used 16862K [0x00000000d5580000, 0x00000000d6980000, 0x0000000100000000)
  eden space 15360K, 99% used [0x00000000d5580000,0x00000000d647f2d0,0x00000000d6480000)
  from space 1536K, 98% used [0x00000000d6600000,0x00000000d6778698,0x00000000d6780000)
  to   space 2048K, 0% used [0x00000000d6780000,0x00000000d6780000,0x00000000d6980000)
 ParOldGen       total 94208K, used 94032K [0x0000000080000000, 0x0000000085c00000, 0x00000000d5580000)
  object space 94208K, 99% used [0x0000000080000000,0x0000000085bd4388,0x0000000085c00000)
 Metaspace       used 68811K, committed 70400K, reserved 1114112K
  class space    used 7350K, committed 8064K, reserved 1048576K
}
Event: 8.642 GC heap after
{Heap after GC invocations=93 (full 3):
 PSYoungGen      total 16896K, used 1151K [0x00000000d5580000, 0x00000000d6900000, 0x0000000100000000)
  eden space 15360K, 0% used [0x00000000d5580000,0x00000000d5580000,0x00000000d6480000)
  from space 1536K, 74% used [0x00000000d6780000,0x00000000d689ff80,0x00000000d6900000)
  to   space 1536K, 0% used [0x00000000d6600000,0x00000000d6600000,0x00000000d6780000)
 ParOldGen       total 95744K, used 95389K [0x0000000080000000, 0x0000000085d80000, 0x00000000d5580000)
  object space 95744K, 99% used [0x0000000080000000,0x0000000085d277c0,0x0000000085d80000)
 Metaspace       used 68811K, committed 70400K, reserved 1114112K
  class space    used 7350K, committed 8064K, reserved 1048576K
}
Event: 8.987 GC heap before
{Heap before GC invocations=94 (full 3):
 PSYoungGen      total 16896K, used 16511K [0x00000000d5580000, 0x00000000d6900000, 0x0000000100000000)
  eden space 15360K, 100% used [0x00000000d5580000,0x00000000d6480000,0x00000000d6480000)
  from space 1536K, 74% used [0x00000000d6780000,0x00000000d689ff80,0x00000000d6900000)
  to   space 1536K, 0% used [0x00000000d6600000,0x00000000d6600000,0x00000000d6780000)
 ParOldGen       total 95744K, used 95389K [0x0000000080000000, 0x0000000085d80000, 0x00000000d5580000)
  object space 95744K, 99% used [0x0000000080000000,0x0000000085d277c0,0x0000000085d80000)
 Metaspace       used 69968K, committed 71552K, reserved 1114112K
  class space    used 7486K, committed 8192K, reserved 1048576K
}
Event: 8.989 GC heap after
{Heap after GC invocations=94 (full 3):
 PSYoungGen      total 16896K, used 1511K [0x00000000d5580000, 0x00000000d6a80000, 0x0000000100000000)
  eden space 15360K, 0% used [0x00000000d5580000,0x00000000d5580000,0x00000000d6480000)
  from space 1536K, 98% used [0x00000000d6600000,0x00000000d6779e40,0x00000000d6780000)
  to   space 3072K, 0% used [0x00000000d6780000,0x00000000d6780000,0x00000000d6a80000)
 ParOldGen       total 96768K, used 96484K [0x0000000080000000, 0x0000000085e80000, 0x00000000d5580000)
  object space 96768K, 99% used [0x0000000080000000,0x0000000085e393d8,0x0000000085e80000)
 Metaspace       used 69968K, committed 71552K, reserved 1114112K
  class space    used 7486K, committed 8192K, reserved 1048576K
}
Event: 9.418 GC heap before
{Heap before GC invocations=95 (full 3):
 PSYoungGen      total 16896K, used 16871K [0x00000000d5580000, 0x00000000d6a80000, 0x0000000100000000)
  eden space 15360K, 100% used [0x00000000d5580000,0x00000000d6480000,0x00000000d6480000)
  from space 1536K, 98% used [0x00000000d6600000,0x00000000d6779e40,0x00000000d6780000)
  to   space 3072K, 0% used [0x00000000d6780000,0x00000000d6780000,0x00000000d6a80000)
 ParOldGen       total 96768K, used 96484K [0x0000000080000000, 0x0000000085e80000, 0x00000000d5580000)
  object space 96768K, 99% used [0x0000000080000000,0x0000000085e393d8,0x0000000085e80000)
 Metaspace       used 70458K, committed 72064K, reserved 1114112K
  class space    used 7516K, committed 8256K, reserved 1048576K
}
Event: 9.421 GC heap after
{Heap after GC invocations=95 (full 3):
 PSYoungGen      total 17408K, used 1588K [0x00000000d5580000, 0x00000000d6980000, 0x0000000100000000)
  eden space 15360K, 0% used [0x00000000d5580000,0x00000000d5580000,0x00000000d6480000)
  from space 2048K, 77% used [0x00000000d6780000,0x00000000d690d200,0x00000000d6980000)
  to   space 2048K, 0% used [0x00000000d6580000,0x00000000d6580000,0x00000000d6780000)
 ParOldGen       total 97792K, used 97583K [0x0000000080000000, 0x0000000085f80000, 0x00000000d5580000)
  object space 97792K, 99% used [0x0000000080000000,0x0000000085f4beb8,0x0000000085f80000)
 Metaspace       used 70458K, committed 72064K, reserved 1114112K
  class space    used 7516K, committed 8256K, reserved 1048576K
}
Event: 10.888 GC heap before
{Heap before GC invocations=96 (full 3):
 PSYoungGen      total 17408K, used 16948K [0x00000000d5580000, 0x00000000d6980000, 0x0000000100000000)
  eden space 15360K, 100% used [0x00000000d5580000,0x00000000d6480000,0x00000000d6480000)
  from space 2048K, 77% used [0x00000000d6780000,0x00000000d690d200,0x00000000d6980000)
  to   space 2048K, 0% used [0x00000000d6580000,0x00000000d6580000,0x00000000d6780000)
 ParOldGen       total 97792K, used 97583K [0x0000000080000000, 0x0000000085f80000, 0x00000000d5580000)
  object space 97792K, 99% used [0x0000000080000000,0x0000000085f4beb8,0x0000000085f80000)
 Metaspace       used 70723K, committed 72320K, reserved 1114112K
  class space    used 7540K, committed 8256K, reserved 1048576K
}
Event: 10.889 GC heap after
{Heap after GC invocations=96 (full 3):
 PSYoungGen      total 17408K, used 1864K [0x00000000d5580000, 0x00000000d6880000, 0x0000000100000000)
  eden space 15360K, 0% used [0x00000000d5580000,0x00000000d5580000,0x00000000d6480000)
  from space 2048K, 91% used [0x00000000d6580000,0x00000000d6752048,0x00000000d6780000)
  to   space 1024K, 0% used [0x00000000d6780000,0x00000000d6780000,0x00000000d6880000)
 ParOldGen       total 98816K, used 98515K [0x0000000080000000, 0x0000000086080000, 0x00000000d5580000)
  object space 98816K, 99% used [0x0000000080000000,0x0000000086034d90,0x0000000086080000)
 Metaspace       used 70723K, committed 72320K, reserved 1114112K
  class space    used 7540K, committed 8256K, reserved 1048576K
}
Event: 10.998 GC heap before
{Heap before GC invocations=97 (full 3):
 PSYoungGen      total 17408K, used 17224K [0x00000000d5580000, 0x00000000d6880000, 0x0000000100000000)
  eden space 15360K, 100% used [0x00000000d5580000,0x00000000d6480000,0x00000000d6480000)
  from space 2048K, 91% used [0x00000000d6580000,0x00000000d6752048,0x00000000d6780000)
  to   space 1024K, 0% used [0x00000000d6780000,0x00000000d6780000,0x00000000d6880000)
 ParOldGen       total 98816K, used 98515K [0x0000000080000000, 0x0000000086080000, 0x00000000d5580000)
  object space 98816K, 99% used [0x0000000080000000,0x0000000086034d90,0x0000000086080000)
 Metaspace       used 71229K, committed 72896K, reserved 1114112K
  class space    used 7590K, committed 8320K, reserved 1048576K
}
Event: 10.999 GC heap after
{Heap after GC invocations=97 (full 3):
 PSYoungGen      total 15872K, used 1020K [0x00000000d5580000, 0x00000000d6b80000, 0x0000000100000000)
  eden space 14848K, 0% used [0x00000000d5580000,0x00000000d5580000,0x00000000d6400000)
  from space 1024K, 99% used [0x00000000d6780000,0x00000000d687f3a0,0x00000000d6880000)
  to   space 3584K, 0% used [0x00000000d6400000,0x00000000d6400000,0x00000000d6780000)
 ParOldGen       total 100864K, used 100440K [0x0000000080000000, 0x0000000086280000, 0x00000000d5580000)
  object space 100864K, 99% used [0x0000000080000000,0x0000000086216050,0x0000000086280000)
 Metaspace       used 71229K, committed 72896K, reserved 1114112K
  class space    used 7590K, committed 8320K, reserved 1048576K
}
Event: 188.858 GC heap before
{Heap before GC invocations=98 (full 3):
 PSYoungGen      total 15872K, used 15868K [0x00000000d5580000, 0x00000000d6b80000, 0x0000000100000000)
  eden space 14848K, 100% used [0x00000000d5580000,0x00000000d6400000,0x00000000d6400000)
  from space 1024K, 99% used [0x00000000d6780000,0x00000000d687f3a0,0x00000000d6880000)
  to   space 3584K, 0% used [0x00000000d6400000,0x00000000d6400000,0x00000000d6780000)
 ParOldGen       total 100864K, used 100440K [0x0000000080000000, 0x0000000086280000, 0x00000000d5580000)
  object space 100864K, 99% used [0x0000000080000000,0x0000000086216050,0x0000000086280000)
 Metaspace       used 71520K, committed 73088K, reserved 1114112K
  class space    used 7595K, committed 8320K, reserved 1048576K
}
Event: 188.860 GC heap after
{Heap after GC invocations=98 (full 3):
 PSYoungGen      total 17408K, used 2202K [0x00000000d5580000, 0x00000000d6900000, 0x0000000100000000)
  eden space 14848K, 0% used [0x00000000d5580000,0x00000000d5580000,0x00000000d6400000)
  from space 2560K, 86% used [0x00000000d6400000,0x00000000d6626980,0x00000000d6680000)
  to   space 2560K, 0% used [0x00000000d6680000,0x00000000d6680000,0x00000000d6900000)
 ParOldGen       total 101376K, used 101201K [0x0000000080000000, 0x0000000086300000, 0x00000000d5580000)
  object space 101376K, 99% used [0x0000000080000000,0x00000000862d4468,0x0000000086300000)
 Metaspace       used 71520K, committed 73088K, reserved 1114112K
  class space    used 7595K, committed 8320K, reserved 1048576K
}

