# JRE version: OpenJDK Runtime Environment Temurin-21.0.9+10 (21.0.9+10) (build 21.0.9+10-LTS)
# Java VM: OpenJDK 64-Bit Server VM Temurin-21.0.9+10 (21.0.9+10-LTS, mixed mode, sharing, tiered, compressed oops, compressed class ptrs, parallel gc, windows-amd64)
GC Precious Log:
 CardTable entry size: 512
 CPUs: 32 total, 32 available
 Memory: 65270M
 Large Page Support: Disabled
 NUMA Support: Disabled
 Compressed Oops: Enabled (32-bit)
 Alignments: Space 512K, Generation 512K, Heap 2M
 Heap Min Capacity: 100M
 Heap Initial Capacity: 100M
 Heap Max Capacity: 2G
 Pre-touch: Disabled
 Parallel Workers: 23
Heap:
 PSYoungGen      total 8192K, used 3727K [0x00000000d5580000, 0x00000000d6180000, 0x0000000100000000)
  eden space 6144K, 27% used [0x00000000d5580000,0x00000000d572bfd8,0x00000000d5b80000)
  from space 2048K, 98% used [0x00000000d5b80000,0x00000000d5d78020,0x00000000d5d80000)
  to   space 3072K, 0% used [0x00000000d5e80000,0x00000000d5e80000,0x00000000d6180000)
 ParOldGen       total 1125376K, used 1125217K [0x0000000080000000, 0x00000000c4b00000, 0x00000000d5580000)
  object space 1125376K, 99% used [0x0000000080000000,0x00000000c4ad8438,0x00000000c4b00000)
 Metaspace       used 88593K, committed 90496K, reserved 1179648K
  class space    used 8783K, committed 9664K, reserved 1048576K
GC Heap History (20 events):
Event: 2688.323 GC heap before
{Heap before GC invocations=3612 (full 6):
 PSYoungGen      total 6144K, used 5824K [0x00000000d5580000, 0x00000000d5d80000, 0x0000000100000000)
  eden space 5120K, 100% used [0x00000000d5580000,0x00000000d5a80000,0x00000000d5a80000)
  from space 1024K, 68% used [0x00000000d5a80000,0x00000000d5b30000,0x00000000d5b80000)
  to   space 1536K, 0% used [0x00000000d5c00000,0x00000000d5c00000,0x00000000d5d80000)
 ParOldGen       total 1121280K, used 1121138K [0x0000000080000000, 0x00000000c4700000, 0x00000000d5580000)
  object space 1121280K, 99% used [0x0000000080000000,0x00000000c46dc838,0x00000000c4700000)
 Metaspace       used 88500K, committed 90304K, reserved 1179648K
  class space    used 8782K, committed 9600K, reserved 1048576K
}
Event: 2688.324 GC heap after
{Heap after GC invocations=3612 (full 6):
 PSYoungGen      total 6144K, used 736K [0x00000000d5580000, 0x00000000d5d00000, 0x0000000100000000)
  eden space 5120K, 0% used [0x00000000d5580000,0x00000000d5580000,0x00000000d5a80000)
  from space 1024K, 71% used [0x00000000d5c00000,0x00000000d5cb8000,0x00000000d5d00000)
  to   space 1024K, 0% used [0x00000000d5a80000,0x00000000d5a80000,0x00000000d5b80000)
 ParOldGen       total 1121792K, used 1121386K [0x0000000080000000, 0x00000000c4780000, 0x00000000d5580000)
  object space 1121792K, 99% used [0x0000000080000000,0x00000000c471a838,0x00000000c4780000)
 Metaspace       used 88500K, committed 90304K, reserved 1179648K
  class space    used 8782K, committed 9600K, reserved 1048576K
}
Event: 2688.329 GC heap before
{Heap before GC invocations=3613 (full 6):
 PSYoungGen      total 6144K, used 5779K [0x00000000d5580000, 0x00000000d5d00000, 0x0000000100000000)
  eden space 5120K, 98% used [0x00000000d5580000,0x00000000d5a6cc18,0x00000000d5a80000)
  from space 1024K, 71% used [0x00000000d5c00000,0x00000000d5cb8000,0x00000000d5d00000)
  to   space 1024K, 0% used [0x00000000d5a80000,0x00000000d5a80000,0x00000000d5b80000)
 ParOldGen       total 1121792K, used 1121386K [0x0000000080000000, 0x00000000c4780000, 0x00000000d5580000)
  object space 1121792K, 99% used [0x0000000080000000,0x00000000c471a838,0x00000000c4780000)
 Metaspace       used 88503K, committed 90304K, reserved 1179648K
  class space    used 8782K, committed 9600K, reserved 1048576K
}
Event: 2688.330 GC heap after
{Heap after GC invocations=3613 (full 6):
 PSYoungGen      total 6144K, used 1008K [0x00000000d5580000, 0x00000000d5d80000, 0x0000000100000000)
  eden space 5120K, 0% used [0x00000000d5580000,0x00000000d5580000,0x00000000d5a80000)
  from space 1024K, 98% used [0x00000000d5a80000,0x00000000d5b7c010,0x00000000d5b80000)
  to   space 1536K, 0% used [0x00000000d5c00000,0x00000000d5c00000,0x00000000d5d80000)
 ParOldGen       total 1121792K, used 1121725K [0x0000000080000000, 0x00000000c4780000, 0x00000000d5580000)
  object space 1121792K, 99% used [0x0000000080000000,0x00000000c476f418,0x00000000c4780000)
 Metaspace       used 88503K, committed 90304K, reserved 1179648K
  class space    used 8782K, committed 9600K, reserved 1048576K
}
Event: 2688.332 GC heap before
{Heap before GC invocations=3614 (full 6):
 PSYoungGen      total 6144K, used 6128K [0x00000000d5580000, 0x00000000d5d80000, 0x0000000100000000)
  eden space 5120K, 100% used [0x00000000d5580000,0x00000000d5a80000,0x00000000d5a80000)
  from space 1024K, 98% used [0x00000000d5a80000,0x00000000d5b7c010,0x00000000d5b80000)
  to   space 1536K, 0% used [0x00000000d5c00000,0x00000000d5c00000,0x00000000d5d80000)
 ParOldGen       total 1121792K, used 1121725K [0x0000000080000000, 0x00000000c4780000, 0x00000000d5580000)
  object space 1121792K, 99% used [0x0000000080000000,0x00000000c476f418,0x00000000c4780000)
 Metaspace       used 88513K, committed 90368K, reserved 1179648K
  class space    used 8782K, committed 9600K, reserved 1048576K
}
Event: 2688.333 GC heap after
{Heap after GC invocations=3614 (full 6):
 PSYoungGen      total 6656K, used 894K [0x00000000d5580000, 0x00000000d5e80000, 0x0000000100000000)
  eden space 5120K, 0% used [0x00000000d5580000,0x00000000d5580000,0x00000000d5a80000)
  from space 1536K, 58% used [0x00000000d5c00000,0x00000000d5cdfa20,0x00000000d5d80000)
  to   space 1536K, 0% used [0x00000000d5a80000,0x00000000d5a80000,0x00000000d5c00000)
 ParOldGen       total 1122816K, used 1122565K [0x0000000080000000, 0x00000000c4880000, 0x00000000d5580000)
  object space 1122816K, 99% used [0x0000000080000000,0x00000000c4841418,0x00000000c4880000)
 Metaspace       used 88513K, committed 90368K, reserved 1179648K
  class space    used 8782K, committed 9600K, reserved 1048576K
}
Event: 2688.337 GC heap before
{Heap before GC invocations=3615 (full 6):
 PSYoungGen      total 6656K, used 5990K [0x00000000d5580000, 0x00000000d5e80000, 0x0000000100000000)
  eden space 5120K, 99% used [0x00000000d5580000,0x00000000d5a7a020,0x00000000d5a80000)
  from space 1536K, 58% used [0x00000000d5c00000,0x00000000d5cdfa20,0x00000000d5d80000)
  to   space 1536K, 0% used [0x00000000d5a80000,0x00000000d5a80000,0x00000000d5c00000)
 ParOldGen       total 1122816K, used 1122565K [0x0000000080000000, 0x00000000c4880000, 0x00000000d5580000)
  object space 1122816K, 99% used [0x0000000080000000,0x00000000c4841418,0x00000000c4880000)
 Metaspace       used 88513K, committed 90368K, reserved 1179648K
  class space    used 8782K, committed 9600K, reserved 1048576K
}
Event: 2688.338 GC heap after
{Heap after GC invocations=3615 (full 6):
 PSYoungGen      total 6656K, used 672K [0x00000000d5580000, 0x00000000d5d80000, 0x0000000100000000)
  eden space 5120K, 0% used [0x00000000d5580000,0x00000000d5580000,0x00000000d5a80000)
  from space 1536K, 43% used [0x00000000d5a80000,0x00000000d5b28000,0x00000000d5c00000)
  to   space 1024K, 0% used [0x00000000d5c80000,0x00000000d5c80000,0x00000000d5d80000)
 ParOldGen       total 1123328K, used 1123083K [0x0000000080000000, 0x00000000c4900000, 0x00000000d5580000)
  object space 1123328K, 99% used [0x0000000080000000,0x00000000c48c2e38,0x00000000c4900000)
 Metaspace       used 88513K, committed 90368K, reserved 1179648K
  class space    used 8782K, committed 9600K, reserved 1048576K
}
Event: 2688.341 GC heap before
{Heap before GC invocations=3616 (full 6):
 PSYoungGen      total 6656K, used 5761K [0x00000000d5580000, 0x00000000d5d80000, 0x0000000100000000)
  eden space 5120K, 99% used [0x00000000d5580000,0x00000000d5a78468,0x00000000d5a80000)
  from space 1536K, 43% used [0x00000000d5a80000,0x00000000d5b28000,0x00000000d5c00000)
  to   space 1024K, 0% used [0x00000000d5c80000,0x00000000d5c80000,0x00000000d5d80000)
 ParOldGen       total 1123328K, used 1123083K [0x0000000080000000, 0x00000000c4900000, 0x00000000d5580000)
  object space 1123328K, 99% used [0x0000000080000000,0x00000000c48c2e38,0x00000000c4900000)
 Metaspace       used 88515K, committed 90368K, reserved 1179648K
  class space    used 8782K, committed 9600K, reserved 1048576K
}
Event: 2688.342 GC heap after
{Heap after GC invocations=3616 (full 6):
 PSYoungGen      total 7168K, used 640K [0x00000000d5580000, 0x00000000d5d80000, 0x0000000100000000)
  eden space 6144K, 0% used [0x00000000d5580000,0x00000000d5580000,0x00000000d5b80000)
  from space 1024K, 62% used [0x00000000d5c80000,0x00000000d5d20000,0x00000000d5d80000)
  to   space 1024K, 0% used [0x00000000d5b80000,0x00000000d5b80000,0x00000000d5c80000)
 ParOldGen       total 1123328K, used 1123267K [0x0000000080000000, 0x00000000c4900000, 0x00000000d5580000)
  object space 1123328K, 99% used [0x0000000080000000,0x00000000c48f0e38,0x00000000c4900000)
 Metaspace       used 88515K, committed 90368K, reserved 1179648K
  class space    used 8782K, committed 9600K, reserved 1048576K
}
Event: 2688.345 GC heap before
{Heap before GC invocations=3617 (full 6):
 PSYoungGen      total 7168K, used 6784K [0x00000000d5580000, 0x00000000d5d80000, 0x0000000100000000)
  eden space 6144K, 100% used [0x00000000d5580000,0x00000000d5b80000,0x00000000d5b80000)
  from space 1024K, 62% used [0x00000000d5c80000,0x00000000d5d20000,0x00000000d5d80000)
  to   space 1024K, 0% used [0x00000000d5b80000,0x00000000d5b80000,0x00000000d5c80000)
 ParOldGen       total 1123328K, used 1123267K [0x0000000080000000, 0x00000000c4900000, 0x00000000d5580000)
  object space 1123328K, 99% used [0x0000000080000000,0x00000000c48f0e38,0x00000000c4900000)
 Metaspace       used 88516K, committed 90368K, reserved 1179648K
  class space    used 8782K, committed 9600K, reserved 1048576K
}
Event: 2688.346 GC heap after
{Heap after GC invocations=3617 (full 6):
 PSYoungGen      total 7168K, used 590K [0x00000000d5580000, 0x00000000d5f00000, 0x0000000100000000)
  eden space 6144K, 0% used [0x00000000d5580000,0x00000000d5580000,0x00000000d5b80000)
  from space 1024K, 57% used [0x00000000d5b80000,0x00000000d5c13bf8,0x00000000d5c80000)
  to   space 1024K, 0% used [0x00000000d5e00000,0x00000000d5e00000,0x00000000d5f00000)
 ParOldGen       total 1123840K, used 1123470K [0x0000000080000000, 0x00000000c4980000, 0x00000000d5580000)
  object space 1123840K, 99% used [0x0000000080000000,0x00000000c49239a8,0x00000000c4980000)
 Metaspace       used 88516K, committed 90368K, reserved 1179648K
  class space    used 8782K, committed 9600K, reserved 1048576K
}
Event: 2688.350 GC heap before
{Heap before GC invocations=3618 (full 6):
 PSYoungGen      total 7168K, used 6734K [0x00000000d5580000, 0x00000000d5f00000, 0x0000000100000000)
  eden space 6144K, 100% used [0x00000000d5580000,0x00000000d5b80000,0x00000000d5b80000)
  from space 1024K, 57% used [0x00000000d5b80000,0x00000000d5c13bf8,0x00000000d5c80000)
  to   space 1024K, 0% used [0x00000000d5e00000,0x00000000d5e00000,0x00000000d5f00000)
 ParOldGen       total 1123840K, used 1123470K [0x0000000080000000, 0x00000000c4980000, 0x00000000d5580000)
  object space 1123840K, 99% used [0x0000000080000000,0x00000000c49239a8,0x00000000c4980000)
 Metaspace       used 88516K, committed 90368K, reserved 1179648K
  class space    used 8782K, committed 9600K, reserved 1048576K
}
Event: 2688.351 GC heap after
{Heap after GC invocations=3618 (full 6):
 PSYoungGen      total 6656K, used 320K [0x00000000d5580000, 0x00000000d5e80000, 0x0000000100000000)
  eden space 6144K, 0% used [0x00000000d5580000,0x00000000d5580000,0x00000000d5b80000)
  from space 512K, 62% used [0x00000000d5e00000,0x00000000d5e50000,0x00000000d5e80000)
  to   space 512K, 0% used [0x00000000d5d80000,0x00000000d5d80000,0x00000000d5e00000)
 ParOldGen       total 1123840K, used 1123685K [0x0000000080000000, 0x00000000c4980000, 0x00000000d5580000)
  object space 1123840K, 99% used [0x0000000080000000,0x00000000c49595a0,0x00000000c4980000)
 Metaspace       used 88516K, committed 90368K, reserved 1179648K
  class space    used 8782K, committed 9600K, reserved 1048576K
}
Event: 2688.355 GC heap before
{Heap before GC invocations=3619 (full 6):
 PSYoungGen      total 6656K, used 6463K [0x00000000d5580000, 0x00000000d5e80000, 0x0000000100000000)
  eden space 6144K, 99% used [0x00000000d5580000,0x00000000d5b7ff70,0x00000000d5b80000)
  from space 512K, 62% used [0x00000000d5e00000,0x00000000d5e50000,0x00000000d5e80000)
  to   space 512K, 0% used [0x00000000d5d80000,0x00000000d5d80000,0x00000000d5e00000)
 ParOldGen       total 1123840K, used 1123685K [0x0000000080000000, 0x00000000c4980000, 0x00000000d5580000)
  object space 1123840K, 99% used [0x0000000080000000,0x00000000c49595a0,0x00000000c4980000)
 Metaspace       used 88516K, committed 90368K, reserved 1179648K
  class space    used 8782K, committed 9600K, reserved 1048576K
}
Event: 2688.356 GC heap after
{Heap after GC invocations=3619 (full 6):
 PSYoungGen      total 6656K, used 512K [0x00000000d5580000, 0x00000000d5e80000, 0x0000000100000000)
  eden space 6144K, 0% used [0x00000000d5580000,0x00000000d5580000,0x00000000d5b80000)
  from space 512K, 100% used [0x00000000d5d80000,0x00000000d5e00000,0x00000000d5e00000)
  to   space 512K, 0% used [0x00000000d5e00000,0x00000000d5e00000,0x00000000d5e80000)
 ParOldGen       total 1123840K, used 1123813K [0x0000000080000000, 0x00000000c4980000, 0x00000000d5580000)
  object space 1123840K, 99% used [0x0000000080000000,0x00000000c49795a0,0x00000000c4980000)
 Metaspace       used 88516K, committed 90368K, reserved 1179648K
  class space    used 8782K, committed 9600K, reserved 1048576K
}
Event: 2688.475 GC heap before
{Heap before GC invocations=3620 (full 6):
 PSYoungGen      total 6656K, used 6656K [0x00000000d5580000, 0x00000000d5e80000, 0x0000000100000000)
  eden space 6144K, 100% used [0x00000000d5580000,0x00000000d5b80000,0x00000000d5b80000)
  from space 512K, 100% used [0x00000000d5d80000,0x00000000d5e00000,0x00000000d5e00000)
  to   space 512K, 0% used [0x00000000d5e00000,0x00000000d5e00000,0x00000000d5e80000)
 ParOldGen       total 1123840K, used 1123813K [0x0000000080000000, 0x00000000c4980000, 0x00000000d5580000)
  object space 1123840K, 99% used [0x0000000080000000,0x00000000c49795a0,0x00000000c4980000)
 Metaspace       used 88527K, committed 90368K, reserved 1179648K
  class space    used 8782K, committed 9600K, reserved 1048576K
}
Event: 2688.476 GC heap after
{Heap after GC invocations=3620 (full 6):
 PSYoungGen      total 6656K, used 512K [0x00000000d5580000, 0x00000000d5f80000, 0x0000000100000000)
  eden space 6144K, 0% used [0x00000000d5580000,0x00000000d5580000,0x00000000d5b80000)
  from space 512K, 100% used [0x00000000d5e00000,0x00000000d5e80000,0x00000000d5e80000)
  to   space 2048K, 0% used [0x00000000d5b80000,0x00000000d5b80000,0x00000000d5d80000)
 ParOldGen       total 1124864K, used 1124829K [0x0000000080000000, 0x00000000c4a80000, 0x00000000d5580000)
  object space 1124864K, 99% used [0x0000000080000000,0x00000000c4a77780,0x00000000c4a80000)
 Metaspace       used 88527K, committed 90368K, reserved 1179648K
  class space    used 8782K, committed 9600K, reserved 1048576K
}
Event: 2688.497 GC heap before
{Heap before GC invocations=3621 (full 6):
 PSYoungGen      total 6656K, used 6656K [0x00000000d5580000, 0x00000000d5f80000, 0x0000000100000000)
  eden space 6144K, 100% used [0x00000000d5580000,0x00000000d5b80000,0x00000000d5b80000)
  from space 512K, 100% used [0x00000000d5e00000,0x00000000d5e80000,0x00000000d5e80000)
  to   space 2048K, 0% used [0x00000000d5b80000,0x00000000d5b80000,0x00000000d5d80000)
 ParOldGen       total 1124864K, used 1124829K [0x0000000080000000, 0x00000000c4a80000, 0x00000000d5580000)
  object space 1124864K, 99% used [0x0000000080000000,0x00000000c4a77780,0x00000000c4a80000)
 Metaspace       used 88575K, committed 90496K, reserved 1179648K
  class space    used 8783K, committed 9664K, reserved 1048576K
}
Event: 2688.498 GC heap after
{Heap after GC invocations=3621 (full 6):
 PSYoungGen      total 8192K, used 2016K [0x00000000d5580000, 0x00000000d6180000, 0x0000000100000000)
  eden space 6144K, 0% used [0x00000000d5580000,0x00000000d5580000,0x00000000d5b80000)
  from space 2048K, 98% used [0x00000000d5b80000,0x00000000d5d78020,0x00000000d5d80000)
  to   space 3072K, 0% used [0x00000000d5e80000,0x00000000d5e80000,0x00000000d6180000)
 ParOldGen       total 1125376K, used 1125217K [0x0000000080000000, 0x00000000c4b00000, 0x00000000d5580000)
  object space 1125376K, 99% used [0x0000000080000000,0x00000000c4ad8438,0x00000000c4b00000)
 Metaspace       used 88575K, committed 90496K, reserved 1179648K
  class space    used 8783K, committed 9664K, reserved 1048576K
}

