# JRE version: OpenJDK Runtime Environment Temurin-21.0.9+10 (21.0.9+10) (build 21.0.9+10-LTS)
# Java VM: OpenJDK 64-Bit Server VM Temurin-21.0.9+10 (21.0.9+10-LTS, mixed mode, sharing, tiered, compressed oops, compressed class ptrs, parallel gc, windows-amd64)
GC Precious Log:
 CardTable entry size: 512
 CPUs: 32 total, 32 available
 Memory: 65270M
 Large Page Support: Disabled
 NUMA Support: Disabled
 Compressed Oops: Enabled (32-bit)
 Alignments: Space 512K, Generation 512K, Heap 2M
 Heap Min Capacity: 100M
 Heap Initial Capacity: 100M
 Heap Max Capacity: 2G
 Pre-touch: Disabled
 Parallel Workers: 23
Heap:
 PSYoungGen      total 20480K, used 5811K [0x00000000d5580000, 0x00000000d6b80000, 0x0000000100000000)
  eden space 18432K, 20% used [0x00000000d5580000,0x00000000d5946460,0x00000000d6780000)
  from space 2048K, 95% used [0x00000000d6800000,0x00000000d69e6900,0x00000000d6a00000)
  to   space 1536K, 0% used [0x00000000d6a00000,0x00000000d6a00000,0x00000000d6b80000)
 ParOldGen       total 86016K, used 85623K [0x0000000080000000, 0x0000000085400000, 0x00000000d5580000)
  object space 86016K, 99% used [0x0000000080000000,0x000000008539dff0,0x0000000085400000)
 Metaspace       used 70990K, committed 72576K, reserved 1114112K
  class space    used 7397K, committed 8064K, reserved 1048576K
GC Heap History (20 events):
Event: 6.224 GC heap before
{Heap before GC invocations=65 (full 3):
 PSYoungGen      total 20992K, used 20916K [0x00000000d5580000, 0x00000000d7180000, 0x0000000100000000)
  eden space 18432K, 99% used [0x00000000d5580000,0x00000000d6772290,0x00000000d6780000)
  from space 2560K, 99% used [0x00000000d6880000,0x00000000d6afb120,0x00000000d6b00000)
  to   space 5120K, 0% used [0x00000000d6c80000,0x00000000d6c80000,0x00000000d7180000)
 ParOldGen       total 73728K, used 73360K [0x0000000080000000, 0x0000000084800000, 0x00000000d5580000)
  object space 73728K, 99% used [0x0000000080000000,0x00000000847a4390,0x0000000084800000)
 Metaspace       used 65979K, committed 67520K, reserved 1114112K
  class space    used 6979K, committed 7680K, reserved 1048576K
}
Event: 6.226 GC heap after
{Heap after GC invocations=65 (full 3):
 PSYoungGen      total 21504K, used 2672K [0x00000000d5580000, 0x00000000d6f80000, 0x0000000100000000)
  eden space 18432K, 0% used [0x00000000d5580000,0x00000000d5580000,0x00000000d6780000)
  from space 3072K, 86% used [0x00000000d6c80000,0x00000000d6f1c1c0,0x00000000d6f80000)
  to   space 3584K, 0% used [0x00000000d6880000,0x00000000d6880000,0x00000000d6c00000)
 ParOldGen       total 76288K, used 75776K [0x0000000080000000, 0x0000000084a80000, 0x00000000d5580000)
  object space 76288K, 99% used [0x0000000080000000,0x0000000084a00160,0x0000000084a80000)
 Metaspace       used 65979K, committed 67520K, reserved 1114112K
  class space    used 6979K, committed 7680K, reserved 1048576K
}
Event: 6.358 GC heap before
{Heap before GC invocations=66 (full 3):
 PSYoungGen      total 21504K, used 21101K [0x00000000d5580000, 0x00000000d6f80000, 0x0000000100000000)
  eden space 18432K, 99% used [0x00000000d5580000,0x00000000d677f540,0x00000000d6780000)
  from space 3072K, 86% used [0x00000000d6c80000,0x00000000d6f1c1c0,0x00000000d6f80000)
  to   space 3584K, 0% used [0x00000000d6880000,0x00000000d6880000,0x00000000d6c00000)
 ParOldGen       total 76288K, used 75776K [0x0000000080000000, 0x0000000084a80000, 0x00000000d5580000)
  object space 76288K, 99% used [0x0000000080000000,0x0000000084a00160,0x0000000084a80000)
 Metaspace       used 66796K, committed 68352K, reserved 1114112K
  class space    used 7053K, committed 7744K, reserved 1048576K
}
Event: 6.360 GC heap after
{Heap after GC invocations=66 (full 3):
 PSYoungGen      total 20992K, used 2249K [0x00000000d5580000, 0x00000000d6d00000, 0x0000000100000000)
  eden space 18432K, 0% used [0x00000000d5580000,0x00000000d5580000,0x00000000d6780000)
  from space 2560K, 87% used [0x00000000d6880000,0x00000000d6ab2630,0x00000000d6b00000)
  to   space 2048K, 0% used [0x00000000d6b00000,0x00000000d6b00000,0x00000000d6d00000)
 ParOldGen       total 78336K, used 77920K [0x0000000080000000, 0x0000000084c80000, 0x00000000d5580000)
  object space 78336K, 99% used [0x0000000080000000,0x0000000084c180e0,0x0000000084c80000)
 Metaspace       used 66796K, committed 68352K, reserved 1114112K
  class space    used 7053K, committed 7744K, reserved 1048576K
}
Event: 6.568 GC heap before
{Heap before GC invocations=67 (full 3):
 PSYoungGen      total 20992K, used 20681K [0x00000000d5580000, 0x00000000d6d00000, 0x0000000100000000)
  eden space 18432K, 99% used [0x00000000d5580000,0x00000000d677ffe8,0x00000000d6780000)
  from space 2560K, 87% used [0x00000000d6880000,0x00000000d6ab2630,0x00000000d6b00000)
  to   space 2048K, 0% used [0x00000000d6b00000,0x00000000d6b00000,0x00000000d6d00000)
 ParOldGen       total 78336K, used 77920K [0x0000000080000000, 0x0000000084c80000, 0x00000000d5580000)
  object space 78336K, 99% used [0x0000000080000000,0x0000000084c180e0,0x0000000084c80000)
 Metaspace       used 68200K, committed 69824K, reserved 1114112K
  class space    used 7156K, committed 7872K, reserved 1048576K
}
Event: 6.569 GC heap after
{Heap after GC invocations=67 (full 3):
 PSYoungGen      total 19968K, used 1162K [0x00000000d5580000, 0x00000000d6c80000, 0x0000000100000000)
  eden space 18432K, 0% used [0x00000000d5580000,0x00000000d5580000,0x00000000d6780000)
  from space 1536K, 75% used [0x00000000d6b00000,0x00000000d6c22910,0x00000000d6c80000)
  to   space 2048K, 0% used [0x00000000d6880000,0x00000000d6880000,0x00000000d6a80000)
 ParOldGen       total 78848K, used 78565K [0x0000000080000000, 0x0000000084d00000, 0x00000000d5580000)
  object space 78848K, 99% used [0x0000000080000000,0x0000000084cb9720,0x0000000084d00000)
 Metaspace       used 68200K, committed 69824K, reserved 1114112K
  class space    used 7156K, committed 7872K, reserved 1048576K
}
Event: 6.655 GC heap before
{Heap before GC invocations=68 (full 3):
 PSYoungGen      total 19968K, used 19594K [0x00000000d5580000, 0x00000000d6c80000, 0x0000000100000000)
  eden space 18432K, 100% used [0x00000000d5580000,0x00000000d6780000,0x00000000d6780000)
  from space 1536K, 75% used [0x00000000d6b00000,0x00000000d6c22910,0x00000000d6c80000)
  to   space 2048K, 0% used [0x00000000d6880000,0x00000000d6880000,0x00000000d6a80000)
 ParOldGen       total 78848K, used 78565K [0x0000000080000000, 0x0000000084d00000, 0x00000000d5580000)
  object space 78848K, 99% used [0x0000000080000000,0x0000000084cb9720,0x0000000084d00000)
 Metaspace       used 68609K, committed 70208K, reserved 1114112K
  class space    used 7167K, committed 7872K, reserved 1048576K
}
Event: 6.658 GC heap after
{Heap after GC invocations=68 (full 3):
 PSYoungGen      total 20480K, used 2019K [0x00000000d5580000, 0x00000000d6f80000, 0x0000000100000000)
  eden space 18432K, 0% used [0x00000000d5580000,0x00000000d5580000,0x00000000d6780000)
  from space 2048K, 98% used [0x00000000d6880000,0x00000000d6a78d20,0x00000000d6a80000)
  to   space 4096K, 0% used [0x00000000d6b80000,0x00000000d6b80000,0x00000000d6f80000)
 ParOldGen       total 80384K, used 80168K [0x0000000080000000, 0x0000000084e80000, 0x00000000d5580000)
  object space 80384K, 99% used [0x0000000080000000,0x0000000084e4a258,0x0000000084e80000)
 Metaspace       used 68609K, committed 70208K, reserved 1114112K
  class space    used 7167K, committed 7872K, reserved 1048576K
}
Event: 6.717 GC heap before
{Heap before GC invocations=69 (full 3):
 PSYoungGen      total 20480K, used 20451K [0x00000000d5580000, 0x00000000d6f80000, 0x0000000100000000)
  eden space 18432K, 100% used [0x00000000d5580000,0x00000000d6780000,0x00000000d6780000)
  from space 2048K, 98% used [0x00000000d6880000,0x00000000d6a78d20,0x00000000d6a80000)
  to   space 4096K, 0% used [0x00000000d6b80000,0x00000000d6b80000,0x00000000d6f80000)
 ParOldGen       total 80384K, used 80168K [0x0000000080000000, 0x0000000084e80000, 0x00000000d5580000)
  object space 80384K, 99% used [0x0000000080000000,0x0000000084e4a258,0x0000000084e80000)
 Metaspace       used 68910K, committed 70464K, reserved 1114112K
  class space    used 7186K, committed 7872K, reserved 1048576K
}
Event: 6.718 GC heap after
{Heap after GC invocations=69 (full 3):
 PSYoungGen      total 19968K, used 1066K [0x00000000d5580000, 0x00000000d6d00000, 0x0000000100000000)
  eden space 18432K, 0% used [0x00000000d5580000,0x00000000d5580000,0x00000000d6780000)
  from space 1536K, 69% used [0x00000000d6b80000,0x00000000d6c8a910,0x00000000d6d00000)
  to   space 2048K, 0% used [0x00000000d6900000,0x00000000d6900000,0x00000000d6b00000)
 ParOldGen       total 80896K, used 80541K [0x0000000080000000, 0x0000000084f00000, 0x00000000d5580000)
  object space 80896K, 99% used [0x0000000080000000,0x0000000084ea7458,0x0000000084f00000)
 Metaspace       used 68910K, committed 70464K, reserved 1114112K
  class space    used 7186K, committed 7872K, reserved 1048576K
}
Event: 7.030 GC heap before
{Heap before GC invocations=70 (full 3):
 PSYoungGen      total 19968K, used 19498K [0x00000000d5580000, 0x00000000d6d00000, 0x0000000100000000)
  eden space 18432K, 100% used [0x00000000d5580000,0x00000000d6780000,0x00000000d6780000)
  from space 1536K, 69% used [0x00000000d6b80000,0x00000000d6c8a910,0x00000000d6d00000)
  to   space 2048K, 0% used [0x00000000d6900000,0x00000000d6900000,0x00000000d6b00000)
 ParOldGen       total 80896K, used 80541K [0x0000000080000000, 0x0000000084f00000, 0x00000000d5580000)
  object space 80896K, 99% used [0x0000000080000000,0x0000000084ea7458,0x0000000084f00000)
 Metaspace       used 69351K, committed 70976K, reserved 1114112K
  class space    used 7226K, committed 7936K, reserved 1048576K
}
Event: 7.031 GC heap after
{Heap after GC invocations=70 (full 3):
 PSYoungGen      total 20480K, used 2025K [0x00000000d5580000, 0x00000000d6c80000, 0x0000000100000000)
  eden space 18432K, 0% used [0x00000000d5580000,0x00000000d5580000,0x00000000d6780000)
  from space 2048K, 98% used [0x00000000d6900000,0x00000000d6afa420,0x00000000d6b00000)
  to   space 1536K, 0% used [0x00000000d6b00000,0x00000000d6b00000,0x00000000d6c80000)
 ParOldGen       total 81408K, used 81031K [0x0000000080000000, 0x0000000084f80000, 0x00000000d5580000)
  object space 81408K, 99% used [0x0000000080000000,0x0000000084f21f90,0x0000000084f80000)
 Metaspace       used 69351K, committed 70976K, reserved 1114112K
  class space    used 7226K, committed 7936K, reserved 1048576K
}
Event: 7.169 GC heap before
{Heap before GC invocations=71 (full 3):
 PSYoungGen      total 20480K, used 20457K [0x00000000d5580000, 0x00000000d6c80000, 0x0000000100000000)
  eden space 18432K, 100% used [0x00000000d5580000,0x00000000d6780000,0x00000000d6780000)
  from space 2048K, 98% used [0x00000000d6900000,0x00000000d6afa420,0x00000000d6b00000)
  to   space 1536K, 0% used [0x00000000d6b00000,0x00000000d6b00000,0x00000000d6c80000)
 ParOldGen       total 81408K, used 81031K [0x0000000080000000, 0x0000000084f80000, 0x00000000d5580000)
  object space 81408K, 99% used [0x0000000080000000,0x0000000084f21f90,0x0000000084f80000)
 Metaspace       used 70138K, committed 71744K, reserved 1114112K
  class space    used 7326K, committed 8000K, reserved 1048576K
}
Event: 7.170 GC heap after
{Heap after GC invocations=71 (full 3):
 PSYoungGen      total 19968K, used 1396K [0x00000000d5580000, 0x00000000d6c80000, 0x0000000100000000)
  eden space 18432K, 0% used [0x00000000d5580000,0x00000000d5580000,0x00000000d6780000)
  from space 1536K, 90% used [0x00000000d6b00000,0x00000000d6c5d200,0x00000000d6c80000)
  to   space 2048K, 0% used [0x00000000d6880000,0x00000000d6880000,0x00000000d6a80000)
 ParOldGen       total 81408K, used 81319K [0x0000000080000000, 0x0000000084f80000, 0x00000000d5580000)
  object space 81408K, 99% used [0x0000000080000000,0x0000000084f69f90,0x0000000084f80000)
 Metaspace       used 70138K, committed 71744K, reserved 1114112K
  class space    used 7326K, committed 8000K, reserved 1048576K
}
Event: 7.380 GC heap before
{Heap before GC invocations=72 (full 3):
 PSYoungGen      total 19968K, used 19828K [0x00000000d5580000, 0x00000000d6c80000, 0x0000000100000000)
  eden space 18432K, 100% used [0x00000000d5580000,0x00000000d6780000,0x00000000d6780000)
  from space 1536K, 90% used [0x00000000d6b00000,0x00000000d6c5d200,0x00000000d6c80000)
  to   space 2048K, 0% used [0x00000000d6880000,0x00000000d6880000,0x00000000d6a80000)
 ParOldGen       total 81408K, used 81319K [0x0000000080000000, 0x0000000084f80000, 0x00000000d5580000)
  object space 81408K, 99% used [0x0000000080000000,0x0000000084f69f90,0x0000000084f80000)
 Metaspace       used 70715K, committed 72320K, reserved 1114112K
  class space    used 7382K, committed 8064K, reserved 1048576K
}
Event: 7.382 GC heap after
{Heap after GC invocations=72 (full 3):
 PSYoungGen      total 20480K, used 2041K [0x00000000d5580000, 0x00000000d6e80000, 0x0000000100000000)
  eden space 18432K, 0% used [0x00000000d5580000,0x00000000d5580000,0x00000000d6780000)
  from space 2048K, 99% used [0x00000000d6880000,0x00000000d6a7e788,0x00000000d6a80000)
  to   space 3584K, 0% used [0x00000000d6b00000,0x00000000d6b00000,0x00000000d6e80000)
 ParOldGen       total 82432K, used 82113K [0x0000000080000000, 0x0000000085080000, 0x00000000d5580000)
  object space 82432K, 99% used [0x0000000080000000,0x0000000085030510,0x0000000085080000)
 Metaspace       used 70715K, committed 72320K, reserved 1114112K
  class space    used 7382K, committed 8064K, reserved 1048576K
}
Event: 7.890 GC heap before
{Heap before GC invocations=73 (full 3):
 PSYoungGen      total 20480K, used 20473K [0x00000000d5580000, 0x00000000d6e80000, 0x0000000100000000)
  eden space 18432K, 100% used [0x00000000d5580000,0x00000000d6780000,0x00000000d6780000)
  from space 2048K, 99% used [0x00000000d6880000,0x00000000d6a7e788,0x00000000d6a80000)
  to   space 3584K, 0% used [0x00000000d6b00000,0x00000000d6b00000,0x00000000d6e80000)
 ParOldGen       total 82432K, used 82113K [0x0000000080000000, 0x0000000085080000, 0x00000000d5580000)
  object space 82432K, 99% used [0x0000000080000000,0x0000000085030510,0x0000000085080000)
 Metaspace       used 70820K, committed 72448K, reserved 1114112K
  class space    used 7389K, committed 8064K, reserved 1048576K
}
Event: 7.892 GC heap after
{Heap after GC invocations=73 (full 3):
 PSYoungGen      total 20480K, used 1657K [0x00000000d5580000, 0x00000000d6d00000, 0x0000000100000000)
  eden space 18432K, 0% used [0x00000000d5580000,0x00000000d5580000,0x00000000d6780000)
  from space 2048K, 80% used [0x00000000d6b00000,0x00000000d6c9e430,0x00000000d6d00000)
  to   space 2560K, 0% used [0x00000000d6800000,0x00000000d6800000,0x00000000d6a80000)
 ParOldGen       total 84480K, used 84241K [0x0000000080000000, 0x0000000085280000, 0x00000000d5580000)
  object space 84480K, 99% used [0x0000000080000000,0x00000000852446d0,0x0000000085280000)
 Metaspace       used 70820K, committed 72448K, reserved 1114112K
  class space    used 7389K, committed 8064K, reserved 1048576K
}
Event: 8.108 GC heap before
{Heap before GC invocations=74 (full 3):
 PSYoungGen      total 20480K, used 20089K [0x00000000d5580000, 0x00000000d6d00000, 0x0000000100000000)
  eden space 18432K, 100% used [0x00000000d5580000,0x00000000d6780000,0x00000000d6780000)
  from space 2048K, 80% used [0x00000000d6b00000,0x00000000d6c9e430,0x00000000d6d00000)
  to   space 2560K, 0% used [0x00000000d6800000,0x00000000d6800000,0x00000000d6a80000)
 ParOldGen       total 84480K, used 84241K [0x0000000080000000, 0x0000000085280000, 0x00000000d5580000)
  object space 84480K, 99% used [0x0000000080000000,0x00000000852446d0,0x0000000085280000)
 Metaspace       used 70974K, committed 72576K, reserved 1114112K
  class space    used 7397K, committed 8064K, reserved 1048576K
}
Event: 8.109 GC heap after
{Heap after GC invocations=74 (full 3):
 PSYoungGen      total 20480K, used 1946K [0x00000000d5580000, 0x00000000d6b80000, 0x0000000100000000)
  eden space 18432K, 0% used [0x00000000d5580000,0x00000000d5580000,0x00000000d6780000)
  from space 2048K, 95% used [0x00000000d6800000,0x00000000d69e6900,0x00000000d6a00000)
  to   space 1536K, 0% used [0x00000000d6a00000,0x00000000d6a00000,0x00000000d6b80000)
 ParOldGen       total 86016K, used 85623K [0x0000000080000000, 0x0000000085400000, 0x00000000d5580000)
  object space 86016K, 99% used [0x0000000080000000,0x000000008539dff0,0x0000000085400000)
 Metaspace       used 70974K, committed 72576K, reserved 1114112K
  class space    used 7397K, committed 8064K, reserved 1048576K
}

