# JRE version: OpenJDK Runtime Environment Temurin-21.0.9+10 (21.0.9+10) (build 21.0.9+10-LTS)
# Java VM: OpenJDK 64-Bit Server VM Temurin-21.0.9+10 (21.0.9+10-LTS, mixed mode, sharing, tiered, compressed oops, compressed class ptrs, parallel gc, windows-amd64)
GC Precious Log:
 CardTable entry size: 512
 CPUs: 32 total, 32 available
 Memory: 65270M
 Large Page Support: Disabled
 NUMA Support: Disabled
 Compressed Oops: Enabled (32-bit)
 Alignments: Space 512K, Generation 512K, Heap 2M
 Heap Min Capacity: 100M
 Heap Initial Capacity: 100M
 Heap Max Capacity: 2G
 Pre-touch: Disabled
 Parallel Workers: 23
Heap:
 PSYoungGen      total 5120K, used 1743K [0x00000000d5580000, 0x00000000d5d00000, 0x0000000100000000)
  eden space 4096K, 28% used [0x00000000d5580000,0x00000000d56a3c60,0x00000000d5980000)
  from space 1024K, 56% used [0x00000000d5b00000,0x00000000d5b90000,0x00000000d5c00000)
  to   space 1024K, 0% used [0x00000000d5c00000,0x00000000d5c00000,0x00000000d5d00000)
 ParOldGen       total 683520K, used 683297K [0x0000000080000000, 0x00000000a9b80000, 0x00000000d5580000)
  object space 683520K, 99% used [0x0000000080000000,0x00000000a9b48790,0x00000000a9b80000)
 Metaspace       used 93866K, committed 95808K, reserved 1179648K
  class space    used 9657K, committed 10560K, reserved 1048576K
GC Heap History (20 events):
Event: 2877.438 GC heap before
{Heap before GC invocations=700 (full 4):
 PSYoungGen      total 9728K, used 9391K [0x00000000d5580000, 0x00000000d6480000, 0x0000000100000000)
  eden space 5120K, 100% used [0x00000000d5580000,0x00000000d5a80000,0x00000000d5a80000)
  from space 4608K, 92% used [0x00000000d5b00000,0x00000000d5f2bce0,0x00000000d5f80000)
  to   space 5120K, 0% used [0x00000000d5f80000,0x00000000d5f80000,0x00000000d6480000)
 ParOldGen       total 633856K, used 633733K [0x0000000080000000, 0x00000000a6b00000, 0x00000000d5580000)
  object space 633856K, 99% used [0x0000000080000000,0x00000000a6ae14a0,0x00000000a6b00000)
 Metaspace       used 93837K, committed 95808K, reserved 1179648K
  class space    used 9657K, committed 10560K, reserved 1048576K
}
Event: 2877.441 GC heap after
{Heap after GC invocations=700 (full 4):
 PSYoungGen      total 5632K, used 5120K [0x00000000d5580000, 0x00000000d6f80000, 0x0000000100000000)
  eden space 512K, 0% used [0x00000000d5580000,0x00000000d5580000,0x00000000d5600000)
  from space 5120K, 100% used [0x00000000d5f80000,0x00000000d6480000,0x00000000d6480000)
  to   space 9728K, 0% used [0x00000000d5600000,0x00000000d5600000,0x00000000d5f80000)
 ParOldGen       total 637952K, used 637916K [0x0000000080000000, 0x00000000a6f00000, 0x00000000d5580000)
  object space 637952K, 99% used [0x0000000080000000,0x00000000a6ef7180,0x00000000a6f00000)
 Metaspace       used 93837K, committed 95808K, reserved 1179648K
  class space    used 9657K, committed 10560K, reserved 1048576K
}
Event: 2877.442 GC heap before
{Heap before GC invocations=701 (full 4):
 PSYoungGen      total 5632K, used 5631K [0x00000000d5580000, 0x00000000d6f80000, 0x0000000100000000)
  eden space 512K, 99% used [0x00000000d5580000,0x00000000d55fff88,0x00000000d5600000)
  from space 5120K, 100% used [0x00000000d5f80000,0x00000000d6480000,0x00000000d6480000)
  to   space 9728K, 0% used [0x00000000d5600000,0x00000000d5600000,0x00000000d5f80000)
 ParOldGen       total 637952K, used 637916K [0x0000000080000000, 0x00000000a6f00000, 0x00000000d5580000)
  object space 637952K, 99% used [0x0000000080000000,0x00000000a6ef7180,0x00000000a6f00000)
 Metaspace       used 93837K, committed 95808K, reserved 1179648K
  class space    used 9657K, committed 10560K, reserved 1048576K
}
Event: 2877.445 GC heap after
{Heap after GC invocations=701 (full 4):
 PSYoungGen      total 1536K, used 736K [0x00000000d5580000, 0x00000000d6000000, 0x0000000100000000)
  eden space 512K, 0% used [0x00000000d5580000,0x00000000d5580000,0x00000000d5600000)
  from space 1024K, 71% used [0x00000000d5600000,0x00000000d56b8000,0x00000000d5700000)
  to   space 4096K, 0% used [0x00000000d5c00000,0x00000000d5c00000,0x00000000d6000000)
 ParOldGen       total 643584K, used 643084K [0x0000000080000000, 0x00000000a7480000, 0x00000000d5580000)
  object space 643584K, 99% used [0x0000000080000000,0x00000000a7403180,0x00000000a7480000)
 Metaspace       used 93837K, committed 95808K, reserved 1179648K
  class space    used 9657K, committed 10560K, reserved 1048576K
}
Event: 2877.445 GC heap before
{Heap before GC invocations=702 (full 4):
 PSYoungGen      total 1536K, used 1248K [0x00000000d5580000, 0x00000000d6000000, 0x0000000100000000)
  eden space 512K, 100% used [0x00000000d5580000,0x00000000d5600000,0x00000000d5600000)
  from space 1024K, 71% used [0x00000000d5600000,0x00000000d56b8000,0x00000000d5700000)
  to   space 4096K, 0% used [0x00000000d5c00000,0x00000000d5c00000,0x00000000d6000000)
 ParOldGen       total 643584K, used 643084K [0x0000000080000000, 0x00000000a7480000, 0x00000000d5580000)
  object space 643584K, 99% used [0x0000000080000000,0x00000000a7403180,0x00000000a7480000)
 Metaspace       used 93837K, committed 95808K, reserved 1179648K
  class space    used 9657K, committed 10560K, reserved 1048576K
}
Event: 2877.447 GC heap after
{Heap after GC invocations=702 (full 4):
 PSYoungGen      total 2048K, used 800K [0x00000000d5580000, 0x00000000d5d00000, 0x0000000100000000)
  eden space 1024K, 0% used [0x00000000d5580000,0x00000000d5580000,0x00000000d5680000)
  from space 1024K, 78% used [0x00000000d5c00000,0x00000000d5cc8000,0x00000000d5d00000)
  to   space 1536K, 0% used [0x00000000d5a00000,0x00000000d5a00000,0x00000000d5b80000)
 ParOldGen       total 644096K, used 643652K [0x0000000080000000, 0x00000000a7500000, 0x00000000d5580000)
  object space 644096K, 99% used [0x0000000080000000,0x00000000a7491180,0x00000000a7500000)
 Metaspace       used 93837K, committed 95808K, reserved 1179648K
  class space    used 9657K, committed 10560K, reserved 1048576K
}
Event: 2877.448 GC heap before
{Heap before GC invocations=703 (full 4):
 PSYoungGen      total 2048K, used 1824K [0x00000000d5580000, 0x00000000d5d00000, 0x0000000100000000)
  eden space 1024K, 100% used [0x00000000d5580000,0x00000000d5680000,0x00000000d5680000)
  from space 1024K, 78% used [0x00000000d5c00000,0x00000000d5cc8000,0x00000000d5d00000)
  to   space 1536K, 0% used [0x00000000d5a00000,0x00000000d5a00000,0x00000000d5b80000)
 ParOldGen       total 644096K, used 643652K [0x0000000080000000, 0x00000000a7500000, 0x00000000d5580000)
  object space 644096K, 99% used [0x0000000080000000,0x00000000a7491180,0x00000000a7500000)
 Metaspace       used 93837K, committed 95808K, reserved 1179648K
  class space    used 9657K, committed 10560K, reserved 1048576K
}
Event: 2877.449 GC heap after
{Heap after GC invocations=703 (full 4):
 PSYoungGen      total 3072K, used 1344K [0x00000000d5580000, 0x00000000d5c80000, 0x0000000100000000)
  eden space 1536K, 0% used [0x00000000d5580000,0x00000000d5580000,0x00000000d5700000)
  from space 1536K, 87% used [0x00000000d5a00000,0x00000000d5b50000,0x00000000d5b80000)
  to   space 1024K, 0% used [0x00000000d5b80000,0x00000000d5b80000,0x00000000d5c80000)
 ParOldGen       total 644608K, used 644196K [0x0000000080000000, 0x00000000a7580000, 0x00000000d5580000)
  object space 644608K, 99% used [0x0000000080000000,0x00000000a7519180,0x00000000a7580000)
 Metaspace       used 93837K, committed 95808K, reserved 1179648K
  class space    used 9657K, committed 10560K, reserved 1048576K
}
Event: 2877.452 GC heap before
{Heap before GC invocations=704 (full 4):
 PSYoungGen      total 3072K, used 2588K [0x00000000d5580000, 0x00000000d5c80000, 0x0000000100000000)
  eden space 1536K, 81% used [0x00000000d5580000,0x00000000d56b73a0,0x00000000d5700000)
  from space 1536K, 87% used [0x00000000d5a00000,0x00000000d5b50000,0x00000000d5b80000)
  to   space 1024K, 0% used [0x00000000d5b80000,0x00000000d5b80000,0x00000000d5c80000)
 ParOldGen       total 644608K, used 644196K [0x0000000080000000, 0x00000000a7580000, 0x00000000d5580000)
  object space 644608K, 99% used [0x0000000080000000,0x00000000a7519180,0x00000000a7580000)
 Metaspace       used 93837K, committed 95808K, reserved 1179648K
  class space    used 9657K, committed 10560K, reserved 1048576K
}
Event: 2877.453 GC heap after
{Heap after GC invocations=704 (full 4):
 PSYoungGen      total 3072K, used 1008K [0x00000000d5580000, 0x00000000d5c80000, 0x0000000100000000)
  eden space 2048K, 0% used [0x00000000d5580000,0x00000000d5580000,0x00000000d5780000)
  from space 1024K, 98% used [0x00000000d5b80000,0x00000000d5c7c000,0x00000000d5c80000)
  to   space 2560K, 0% used [0x00000000d5780000,0x00000000d5780000,0x00000000d5a00000)
 ParOldGen       total 645632K, used 645252K [0x0000000080000000, 0x00000000a7680000, 0x00000000d5580000)
  object space 645632K, 99% used [0x0000000080000000,0x00000000a7621180,0x00000000a7680000)
 Metaspace       used 93837K, committed 95808K, reserved 1179648K
  class space    used 9657K, committed 10560K, reserved 1048576K
}
Event: 2877.538 GC heap before
{Heap before GC invocations=705 (full 4):
 PSYoungGen      total 3072K, used 3055K [0x00000000d5580000, 0x00000000d5c80000, 0x0000000100000000)
  eden space 2048K, 99% used [0x00000000d5580000,0x00000000d577fff8,0x00000000d5780000)
  from space 1024K, 98% used [0x00000000d5b80000,0x00000000d5c7c000,0x00000000d5c80000)
  to   space 2560K, 0% used [0x00000000d5780000,0x00000000d5780000,0x00000000d5a00000)
 ParOldGen       total 645632K, used 645252K [0x0000000080000000, 0x00000000a7680000, 0x00000000d5580000)
  object space 645632K, 99% used [0x0000000080000000,0x00000000a7621180,0x00000000a7680000)
 Metaspace       used 93839K, committed 95808K, reserved 1179648K
  class space    used 9657K, committed 10560K, reserved 1048576K
}
Event: 2877.540 GC heap after
{Heap after GC invocations=705 (full 4):
 PSYoungGen      total 4608K, used 1664K [0x00000000d5580000, 0x00000000d5c00000, 0x0000000100000000)
  eden space 2048K, 0% used [0x00000000d5580000,0x00000000d5580000,0x00000000d5780000)
  from space 2560K, 65% used [0x00000000d5780000,0x00000000d5920000,0x00000000d5a00000)
  to   space 2048K, 0% used [0x00000000d5a00000,0x00000000d5a00000,0x00000000d5c00000)
 ParOldGen       total 646144K, used 645860K [0x0000000080000000, 0x00000000a7700000, 0x00000000d5580000)
  object space 646144K, 99% used [0x0000000080000000,0x00000000a76b9180,0x00000000a7700000)
 Metaspace       used 93839K, committed 95808K, reserved 1179648K
  class space    used 9657K, committed 10560K, reserved 1048576K
}
Event: 2877.543 GC heap before
{Heap before GC invocations=706 (full 4):
 PSYoungGen      total 4608K, used 3648K [0x00000000d5580000, 0x00000000d5c00000, 0x0000000100000000)
  eden space 2048K, 96% used [0x00000000d5580000,0x00000000d5770370,0x00000000d5780000)
  from space 2560K, 65% used [0x00000000d5780000,0x00000000d5920000,0x00000000d5a00000)
  to   space 2048K, 0% used [0x00000000d5a00000,0x00000000d5a00000,0x00000000d5c00000)
 ParOldGen       total 646144K, used 645860K [0x0000000080000000, 0x00000000a7700000, 0x00000000d5580000)
  object space 646144K, 99% used [0x0000000080000000,0x00000000a76b9180,0x00000000a7700000)
 Metaspace       used 93839K, committed 95808K, reserved 1179648K
  class space    used 9657K, committed 10560K, reserved 1048576K
}
Event: 2877.545 GC heap after
{Heap after GC invocations=706 (full 4):
 PSYoungGen      total 4608K, used 1952K [0x00000000d5580000, 0x00000000d5c00000, 0x0000000100000000)
  eden space 2560K, 0% used [0x00000000d5580000,0x00000000d5580000,0x00000000d5800000)
  from space 2048K, 95% used [0x00000000d5a00000,0x00000000d5be80b8,0x00000000d5c00000)
  to   space 2048K, 0% used [0x00000000d5800000,0x00000000d5800000,0x00000000d5a00000)
 ParOldGen       total 647680K, used 647308K [0x0000000080000000, 0x00000000a7880000, 0x00000000d5580000)
  object space 647680K, 99% used [0x0000000080000000,0x00000000a7823130,0x00000000a7880000)
 Metaspace       used 93839K, committed 95808K, reserved 1179648K
  class space    used 9657K, committed 10560K, reserved 1048576K
}
Event: 2877.548 GC heap before
{Heap before GC invocations=707 (full 4):
 PSYoungGen      total 4608K, used 4512K [0x00000000d5580000, 0x00000000d5c00000, 0x0000000100000000)
  eden space 2560K, 100% used [0x00000000d5580000,0x00000000d5800000,0x00000000d5800000)
  from space 2048K, 95% used [0x00000000d5a00000,0x00000000d5be80b8,0x00000000d5c00000)
  to   space 2048K, 0% used [0x00000000d5800000,0x00000000d5800000,0x00000000d5a00000)
 ParOldGen       total 647680K, used 647308K [0x0000000080000000, 0x00000000a7880000, 0x00000000d5580000)
  object space 647680K, 99% used [0x0000000080000000,0x00000000a7823130,0x00000000a7880000)
 Metaspace       used 93839K, committed 95808K, reserved 1179648K
  class space    used 9657K, committed 10560K, reserved 1048576K
}
Event: 2877.550 GC heap after
{Heap after GC invocations=707 (full 4):
 PSYoungGen      total 4608K, used 2045K [0x00000000d5580000, 0x00000000d6280000, 0x0000000100000000)
  eden space 2560K, 0% used [0x00000000d5580000,0x00000000d5580000,0x00000000d5800000)
  from space 2048K, 99% used [0x00000000d5800000,0x00000000d59ff708,0x00000000d5a00000)
  to   space 5120K, 0% used [0x00000000d5d80000,0x00000000d5d80000,0x00000000d6280000)
 ParOldGen       total 649728K, used 649530K [0x0000000080000000, 0x00000000a7a80000, 0x00000000d5580000)
  object space 649728K, 99% used [0x0000000080000000,0x00000000a7a4e968,0x00000000a7a80000)
 Metaspace       used 93839K, committed 95808K, reserved 1179648K
  class space    used 9657K, committed 10560K, reserved 1048576K
}
Event: 2877.553 GC heap before
{Heap before GC invocations=708 (full 4):
 PSYoungGen      total 4608K, used 4605K [0x00000000d5580000, 0x00000000d6280000, 0x0000000100000000)
  eden space 2560K, 100% used [0x00000000d5580000,0x00000000d5800000,0x00000000d5800000)
  from space 2048K, 99% used [0x00000000d5800000,0x00000000d59ff708,0x00000000d5a00000)
  to   space 5120K, 0% used [0x00000000d5d80000,0x00000000d5d80000,0x00000000d6280000)
 ParOldGen       total 649728K, used 649530K [0x0000000080000000, 0x00000000a7a80000, 0x00000000d5580000)
  object space 649728K, 99% used [0x0000000080000000,0x00000000a7a4e968,0x00000000a7a80000)
 Metaspace       used 93839K, committed 95808K, reserved 1179648K
  class space    used 9657K, committed 10560K, reserved 1048576K
}
Event: 2877.554 GC heap after
{Heap after GC invocations=708 (full 4):
 PSYoungGen      total 4096K, used 936K [0x00000000d5580000, 0x00000000d5e80000, 0x0000000100000000)
  eden space 3072K, 0% used [0x00000000d5580000,0x00000000d5580000,0x00000000d5880000)
  from space 1024K, 91% used [0x00000000d5d80000,0x00000000d5e6a240,0x00000000d5e80000)
  to   space 2560K, 0% used [0x00000000d5980000,0x00000000d5980000,0x00000000d5c00000)
 ParOldGen       total 651776K, used 651462K [0x0000000080000000, 0x00000000a7c80000, 0x00000000d5580000)
  object space 651776K, 99% used [0x0000000080000000,0x00000000a7c31840,0x00000000a7c80000)
 Metaspace       used 93839K, committed 95808K, reserved 1179648K
  class space    used 9657K, committed 10560K, reserved 1048576K
}
Event: 2877.572 GC heap before
{Heap before GC invocations=709 (full 4):
 PSYoungGen      total 4096K, used 4008K [0x00000000d5580000, 0x00000000d5e80000, 0x0000000100000000)
  eden space 3072K, 100% used [0x00000000d5580000,0x00000000d5880000,0x00000000d5880000)
  from space 1024K, 91% used [0x00000000d5d80000,0x00000000d5e6a240,0x00000000d5e80000)
  to   space 2560K, 0% used [0x00000000d5980000,0x00000000d5980000,0x00000000d5c00000)
 ParOldGen       total 683520K, used 682182K [0x0000000080000000, 0x00000000a9b80000, 0x00000000d5580000)
  object space 683520K, 99% used [0x0000000080000000,0x00000000a9a31870,0x00000000a9b80000)
 Metaspace       used 93846K, committed 95808K, reserved 1179648K
  class space    used 9657K, committed 10560K, reserved 1048576K
}
Event: 2877.573 GC heap after
{Heap after GC invocations=709 (full 4):
 PSYoungGen      total 6656K, used 848K [0x00000000d5580000, 0x00000000d5e00000, 0x0000000100000000)
  eden space 4096K, 0% used [0x00000000d5580000,0x00000000d5580000,0x00000000d5980000)
  from space 2560K, 33% used [0x00000000d5980000,0x00000000d5a54010,0x00000000d5c00000)
  to   space 1536K, 0% used [0x00000000d5c80000,0x00000000d5c80000,0x00000000d5e00000)
 ParOldGen       total 683520K, used 682750K [0x0000000080000000, 0x00000000a9b80000, 0x00000000d5580000)
  object space 683520K, 99% used [0x0000000080000000,0x00000000a9abf890,0x00000000a9b80000)
 Metaspace       used 93846K, committed 95808K, reserved 1179648K
  class space    used 9657K, committed 10560K, reserved 1048576K
}

