# JRE version: OpenJDK Runtime Environment Temurin-21.0.8+9 (21.0.8+9) (build 21.0.8+9-LTS)
# Java VM: OpenJDK 64-Bit Server VM Temurin-21.0.8+9 (21.0.8+9-LTS, mixed mode, sharing, tiered, compressed oops, compressed class ptrs, parallel gc, windows-amd64)
GC Precious Log:
 CardTable entry size: 512
 CPUs: 32 total, 32 available
 Memory: 65270M
 Large Page Support: Disabled
 NUMA Support: Disabled
 Compressed Oops: Enabled (32-bit)
 Alignments: Space 512K, Generation 512K, Heap 2M
 Heap Min Capacity: 100M
 Heap Initial Capacity: 100M
 Heap Max Capacity: 2G
 Pre-touch: Disabled
 Parallel Workers: 23
Heap:
 PSYoungGen      total 7168K, used 5117K [0x00000000d5580000, 0x00000000d5e00000, 0x0000000100000000)
  eden space 6144K, 72% used [0x00000000d5580000,0x00000000d59df498,0x00000000d5b80000)
  from space 1024K, 62% used [0x00000000d5b80000,0x00000000d5c20000,0x00000000d5c80000)
  to   space 1024K, 0% used [0x00000000d5d00000,0x00000000d5d00000,0x00000000d5e00000)
 ParOldGen       total 793088K, used 498047K [0x0000000080000000, 0x00000000b0680000, 0x00000000d5580000)
  object space 793088K, 62% used [0x0000000080000000,0x000000009e65fd60,0x00000000b0680000)
 Metaspace       used 86400K, committed 88384K, reserved 1179648K
  class space    used 9029K, committed 10048K, reserved 1048576K
GC Heap History (20 events):
Event: 2694.527 GC heap before
{Heap before GC invocations=1928 (full 4):
 PSYoungGen      total 9216K, used 8768K [0x00000000d5580000, 0x00000000d6080000, 0x0000000100000000)
  eden space 7168K, 99% used [0x00000000d5580000,0x00000000d5c7ffc0,0x00000000d5c80000)
  from space 2048K, 78% used [0x00000000d5c80000,0x00000000d5e10328,0x00000000d5e80000)
  to   space 2048K, 0% used [0x00000000d5e80000,0x00000000d5e80000,0x00000000d6080000)
 ParOldGen       total 793088K, used 491955K [0x0000000080000000, 0x00000000b0680000, 0x00000000d5580000)
  object space 793088K, 62% used [0x0000000080000000,0x000000009e06cdc0,0x00000000b0680000)
 Metaspace       used 86185K, committed 88256K, reserved 1179648K
  class space    used 9010K, committed 10048K, reserved 1048576K
}
Event: 2694.528 GC heap after
{Heap after GC invocations=1928 (full 4):
 PSYoungGen      total 8192K, used 672K [0x00000000d5580000, 0x00000000d5f80000, 0x0000000100000000)
  eden space 7168K, 0% used [0x00000000d5580000,0x00000000d5580000,0x00000000d5c80000)
  from space 1024K, 65% used [0x00000000d5e80000,0x00000000d5f28000,0x00000000d5f80000)
  to   space 1536K, 0% used [0x00000000d5c80000,0x00000000d5c80000,0x00000000d5e00000)
 ParOldGen       total 793088K, used 492075K [0x0000000080000000, 0x00000000b0680000, 0x00000000d5580000)
  object space 793088K, 62% used [0x0000000080000000,0x000000009e08adc0,0x00000000b0680000)
 Metaspace       used 86185K, committed 88256K, reserved 1179648K
  class space    used 9010K, committed 10048K, reserved 1048576K
}
Event: 2790.106 GC heap before
{Heap before GC invocations=1929 (full 4):
 PSYoungGen      total 8192K, used 7840K [0x00000000d5580000, 0x00000000d5f80000, 0x0000000100000000)
  eden space 7168K, 100% used [0x00000000d5580000,0x00000000d5c80000,0x00000000d5c80000)
  from space 1024K, 65% used [0x00000000d5e80000,0x00000000d5f28000,0x00000000d5f80000)
  to   space 1536K, 0% used [0x00000000d5c80000,0x00000000d5c80000,0x00000000d5e00000)
 ParOldGen       total 793088K, used 492075K [0x0000000080000000, 0x00000000b0680000, 0x00000000d5580000)
  object space 793088K, 62% used [0x0000000080000000,0x000000009e08adc0,0x00000000b0680000)
 Metaspace       used 86356K, committed 88320K, reserved 1179648K
  class space    used 9029K, committed 10048K, reserved 1048576K
}
Event: 2790.107 GC heap after
{Heap after GC invocations=1929 (full 4):
 PSYoungGen      total 8704K, used 1376K [0x00000000d5580000, 0x00000000d5f80000, 0x0000000100000000)
  eden space 7168K, 0% used [0x00000000d5580000,0x00000000d5580000,0x00000000d5c80000)
  from space 1536K, 89% used [0x00000000d5c80000,0x00000000d5dd8000,0x00000000d5e00000)
  to   space 1536K, 0% used [0x00000000d5e00000,0x00000000d5e00000,0x00000000d5f80000)
 ParOldGen       total 793088K, used 492259K [0x0000000080000000, 0x00000000b0680000, 0x00000000d5580000)
  object space 793088K, 62% used [0x0000000080000000,0x000000009e0b8dc0,0x00000000b0680000)
 Metaspace       used 86356K, committed 88320K, reserved 1179648K
  class space    used 9029K, committed 10048K, reserved 1048576K
}
Event: 2790.122 GC heap before
{Heap before GC invocations=1930 (full 4):
 PSYoungGen      total 8704K, used 8544K [0x00000000d5580000, 0x00000000d5f80000, 0x0000000100000000)
  eden space 7168K, 100% used [0x00000000d5580000,0x00000000d5c80000,0x00000000d5c80000)
  from space 1536K, 89% used [0x00000000d5c80000,0x00000000d5dd8000,0x00000000d5e00000)
  to   space 1536K, 0% used [0x00000000d5e00000,0x00000000d5e00000,0x00000000d5f80000)
 ParOldGen       total 793088K, used 492259K [0x0000000080000000, 0x00000000b0680000, 0x00000000d5580000)
  object space 793088K, 62% used [0x0000000080000000,0x000000009e0b8dc0,0x00000000b0680000)
 Metaspace       used 86365K, committed 88320K, reserved 1179648K
  class space    used 9029K, committed 10048K, reserved 1048576K
}
Event: 2790.123 GC heap after
{Heap after GC invocations=1930 (full 4):
 PSYoungGen      total 8704K, used 1184K [0x00000000d5580000, 0x00000000d5f80000, 0x0000000100000000)
  eden space 7168K, 0% used [0x00000000d5580000,0x00000000d5580000,0x00000000d5c80000)
  from space 1536K, 77% used [0x00000000d5e00000,0x00000000d5f28000,0x00000000d5f80000)
  to   space 1536K, 0% used [0x00000000d5c80000,0x00000000d5c80000,0x00000000d5e00000)
 ParOldGen       total 793088K, used 493175K [0x0000000080000000, 0x00000000b0680000, 0x00000000d5580000)
  object space 793088K, 62% used [0x0000000080000000,0x000000009e19dde0,0x00000000b0680000)
 Metaspace       used 86365K, committed 88320K, reserved 1179648K
  class space    used 9029K, committed 10048K, reserved 1048576K
}
Event: 2790.140 GC heap before
{Heap before GC invocations=1931 (full 4):
 PSYoungGen      total 8704K, used 8352K [0x00000000d5580000, 0x00000000d5f80000, 0x0000000100000000)
  eden space 7168K, 100% used [0x00000000d5580000,0x00000000d5c80000,0x00000000d5c80000)
  from space 1536K, 77% used [0x00000000d5e00000,0x00000000d5f28000,0x00000000d5f80000)
  to   space 1536K, 0% used [0x00000000d5c80000,0x00000000d5c80000,0x00000000d5e00000)
 ParOldGen       total 793088K, used 493175K [0x0000000080000000, 0x00000000b0680000, 0x00000000d5580000)
  object space 793088K, 62% used [0x0000000080000000,0x000000009e19dde0,0x00000000b0680000)
 Metaspace       used 86366K, committed 88320K, reserved 1179648K
  class space    used 9029K, committed 10048K, reserved 1048576K
}
Event: 2790.141 GC heap after
{Heap after GC invocations=1931 (full 4):
 PSYoungGen      total 8704K, used 1216K [0x00000000d5580000, 0x00000000d5f80000, 0x0000000100000000)
  eden space 7168K, 0% used [0x00000000d5580000,0x00000000d5580000,0x00000000d5c80000)
  from space 1536K, 79% used [0x00000000d5c80000,0x00000000d5db0000,0x00000000d5e00000)
  to   space 1536K, 0% used [0x00000000d5e00000,0x00000000d5e00000,0x00000000d5f80000)
 ParOldGen       total 793088K, used 494078K [0x0000000080000000, 0x00000000b0680000, 0x00000000d5580000)
  object space 793088K, 62% used [0x0000000080000000,0x000000009e27f878,0x00000000b0680000)
 Metaspace       used 86366K, committed 88320K, reserved 1179648K
  class space    used 9029K, committed 10048K, reserved 1048576K
}
Event: 2790.157 GC heap before
{Heap before GC invocations=1932 (full 4):
 PSYoungGen      total 8704K, used 8362K [0x00000000d5580000, 0x00000000d5f80000, 0x0000000100000000)
  eden space 7168K, 99% used [0x00000000d5580000,0x00000000d5c7a870,0x00000000d5c80000)
  from space 1536K, 79% used [0x00000000d5c80000,0x00000000d5db0000,0x00000000d5e00000)
  to   space 1536K, 0% used [0x00000000d5e00000,0x00000000d5e00000,0x00000000d5f80000)
 ParOldGen       total 793088K, used 494078K [0x0000000080000000, 0x00000000b0680000, 0x00000000d5580000)
  object space 793088K, 62% used [0x0000000080000000,0x000000009e27f878,0x00000000b0680000)
 Metaspace       used 86370K, committed 88320K, reserved 1179648K
  class space    used 9029K, committed 10048K, reserved 1048576K
}
Event: 2790.159 GC heap after
{Heap after GC invocations=1932 (full 4):
 PSYoungGen      total 8192K, used 896K [0x00000000d5580000, 0x00000000d5f00000, 0x0000000100000000)
  eden space 7168K, 0% used [0x00000000d5580000,0x00000000d5580000,0x00000000d5c80000)
  from space 1024K, 87% used [0x00000000d5e00000,0x00000000d5ee0000,0x00000000d5f00000)
  to   space 1024K, 0% used [0x00000000d5d00000,0x00000000d5d00000,0x00000000d5e00000)
 ParOldGen       total 793088K, used 495030K [0x0000000080000000, 0x00000000b0680000, 0x00000000d5580000)
  object space 793088K, 62% used [0x0000000080000000,0x000000009e36d878,0x00000000b0680000)
 Metaspace       used 86370K, committed 88320K, reserved 1179648K
  class space    used 9029K, committed 10048K, reserved 1048576K
}
Event: 2790.176 GC heap before
{Heap before GC invocations=1933 (full 4):
 PSYoungGen      total 8192K, used 8064K [0x00000000d5580000, 0x00000000d5f00000, 0x0000000100000000)
  eden space 7168K, 100% used [0x00000000d5580000,0x00000000d5c80000,0x00000000d5c80000)
  from space 1024K, 87% used [0x00000000d5e00000,0x00000000d5ee0000,0x00000000d5f00000)
  to   space 1024K, 0% used [0x00000000d5d00000,0x00000000d5d00000,0x00000000d5e00000)
 ParOldGen       total 793088K, used 495030K [0x0000000080000000, 0x00000000b0680000, 0x00000000d5580000)
  object space 793088K, 62% used [0x0000000080000000,0x000000009e36d878,0x00000000b0680000)
 Metaspace       used 86370K, committed 88320K, reserved 1179648K
  class space    used 9029K, committed 10048K, reserved 1048576K
}
Event: 2790.177 GC heap after
{Heap after GC invocations=1933 (full 4):
 PSYoungGen      total 8192K, used 640K [0x00000000d5580000, 0x00000000d5e80000, 0x0000000100000000)
  eden space 7168K, 0% used [0x00000000d5580000,0x00000000d5580000,0x00000000d5c80000)
  from space 1024K, 62% used [0x00000000d5d00000,0x00000000d5da0000,0x00000000d5e00000)
  to   space 512K, 0% used [0x00000000d5e00000,0x00000000d5e00000,0x00000000d5e80000)
 ParOldGen       total 793088K, used 495510K [0x0000000080000000, 0x00000000b0680000, 0x00000000d5580000)
  object space 793088K, 62% used [0x0000000080000000,0x000000009e3e5878,0x00000000b0680000)
 Metaspace       used 86370K, committed 88320K, reserved 1179648K
  class space    used 9029K, committed 10048K, reserved 1048576K
}
Event: 2790.194 GC heap before
{Heap before GC invocations=1934 (full 4):
 PSYoungGen      total 8192K, used 7808K [0x00000000d5580000, 0x00000000d5e80000, 0x0000000100000000)
  eden space 7168K, 100% used [0x00000000d5580000,0x00000000d5c80000,0x00000000d5c80000)
  from space 1024K, 62% used [0x00000000d5d00000,0x00000000d5da0000,0x00000000d5e00000)
  to   space 512K, 0% used [0x00000000d5e00000,0x00000000d5e00000,0x00000000d5e80000)
 ParOldGen       total 793088K, used 495510K [0x0000000080000000, 0x00000000b0680000, 0x00000000d5580000)
  object space 793088K, 62% used [0x0000000080000000,0x000000009e3e5878,0x00000000b0680000)
 Metaspace       used 86370K, committed 88320K, reserved 1179648K
  class space    used 9029K, committed 10048K, reserved 1048576K
}
Event: 2790.195 GC heap after
{Heap after GC invocations=1934 (full 4):
 PSYoungGen      total 7680K, used 512K [0x00000000d5580000, 0x00000000d5f80000, 0x0000000100000000)
  eden space 7168K, 0% used [0x00000000d5580000,0x00000000d5580000,0x00000000d5c80000)
  from space 512K, 100% used [0x00000000d5e00000,0x00000000d5e80000,0x00000000d5e80000)
  to   space 1536K, 0% used [0x00000000d5c80000,0x00000000d5c80000,0x00000000d5e00000)
 ParOldGen       total 793088K, used 496078K [0x0000000080000000, 0x00000000b0680000, 0x00000000d5580000)
  object space 793088K, 62% used [0x0000000080000000,0x000000009e473878,0x00000000b0680000)
 Metaspace       used 86370K, committed 88320K, reserved 1179648K
  class space    used 9029K, committed 10048K, reserved 1048576K
}
Event: 2790.213 GC heap before
{Heap before GC invocations=1935 (full 4):
 PSYoungGen      total 7680K, used 7680K [0x00000000d5580000, 0x00000000d5f80000, 0x0000000100000000)
  eden space 7168K, 100% used [0x00000000d5580000,0x00000000d5c80000,0x00000000d5c80000)
  from space 512K, 100% used [0x00000000d5e00000,0x00000000d5e80000,0x00000000d5e80000)
  to   space 1536K, 0% used [0x00000000d5c80000,0x00000000d5c80000,0x00000000d5e00000)
 ParOldGen       total 793088K, used 496078K [0x0000000080000000, 0x00000000b0680000, 0x00000000d5580000)
  object space 793088K, 62% used [0x0000000080000000,0x000000009e473878,0x00000000b0680000)
 Metaspace       used 86370K, committed 88320K, reserved 1179648K
  class space    used 9029K, committed 10048K, reserved 1048576K
}
Event: 2790.214 GC heap after
{Heap after GC invocations=1935 (full 4):
 PSYoungGen      total 8192K, used 608K [0x00000000d5580000, 0x00000000d5e80000, 0x0000000100000000)
  eden space 7168K, 0% used [0x00000000d5580000,0x00000000d5580000,0x00000000d5c80000)
  from space 1024K, 59% used [0x00000000d5c80000,0x00000000d5d18000,0x00000000d5d80000)
  to   space 1024K, 0% used [0x00000000d5d80000,0x00000000d5d80000,0x00000000d5e80000)
 ParOldGen       total 793088K, used 496610K [0x0000000080000000, 0x00000000b0680000, 0x00000000d5580000)
  object space 793088K, 62% used [0x0000000080000000,0x000000009e4f8888,0x00000000b0680000)
 Metaspace       used 86370K, committed 88320K, reserved 1179648K
  class space    used 9029K, committed 10048K, reserved 1048576K
}
Event: 2790.231 GC heap before
{Heap before GC invocations=1936 (full 4):
 PSYoungGen      total 8192K, used 7776K [0x00000000d5580000, 0x00000000d5e80000, 0x0000000100000000)
  eden space 7168K, 100% used [0x00000000d5580000,0x00000000d5c80000,0x00000000d5c80000)
  from space 1024K, 59% used [0x00000000d5c80000,0x00000000d5d18000,0x00000000d5d80000)
  to   space 1024K, 0% used [0x00000000d5d80000,0x00000000d5d80000,0x00000000d5e80000)
 ParOldGen       total 793088K, used 496610K [0x0000000080000000, 0x00000000b0680000, 0x00000000d5580000)
  object space 793088K, 62% used [0x0000000080000000,0x000000009e4f8888,0x00000000b0680000)
 Metaspace       used 86397K, committed 88320K, reserved 1179648K
  class space    used 9029K, committed 10048K, reserved 1048576K
}
Event: 2790.233 GC heap after
{Heap after GC invocations=1936 (full 4):
 PSYoungGen      total 7168K, used 1024K [0x00000000d5580000, 0x00000000d6080000, 0x0000000100000000)
  eden space 6144K, 0% used [0x00000000d5580000,0x00000000d5580000,0x00000000d5b80000)
  from space 1024K, 100% used [0x00000000d5d80000,0x00000000d5e80000,0x00000000d5e80000)
  to   space 2048K, 0% used [0x00000000d5b80000,0x00000000d5b80000,0x00000000d5d80000)
 ParOldGen       total 793088K, used 497050K [0x0000000080000000, 0x00000000b0680000, 0x00000000d5580000)
  object space 793088K, 62% used [0x0000000080000000,0x000000009e566888,0x00000000b0680000)
 Metaspace       used 86397K, committed 88320K, reserved 1179648K
  class space    used 9029K, committed 10048K, reserved 1048576K
}
Event: 2790.239 GC heap before
{Heap before GC invocations=1937 (full 4):
 PSYoungGen      total 7168K, used 7155K [0x00000000d5580000, 0x00000000d6080000, 0x0000000100000000)
  eden space 6144K, 99% used [0x00000000d5580000,0x00000000d5b7cf60,0x00000000d5b80000)
  from space 1024K, 100% used [0x00000000d5d80000,0x00000000d5e80000,0x00000000d5e80000)
  to   space 2048K, 0% used [0x00000000d5b80000,0x00000000d5b80000,0x00000000d5d80000)
 ParOldGen       total 793088K, used 497050K [0x0000000080000000, 0x00000000b0680000, 0x00000000d5580000)
  object space 793088K, 62% used [0x0000000080000000,0x000000009e566888,0x00000000b0680000)
 Metaspace       used 86400K, committed 88384K, reserved 1179648K
  class space    used 9029K, committed 10048K, reserved 1048576K
}
Event: 2790.240 GC heap after
{Heap after GC invocations=1937 (full 4):
 PSYoungGen      total 7168K, used 640K [0x00000000d5580000, 0x00000000d5e00000, 0x0000000100000000)
  eden space 6144K, 0% used [0x00000000d5580000,0x00000000d5580000,0x00000000d5b80000)
  from space 1024K, 62% used [0x00000000d5b80000,0x00000000d5c20000,0x00000000d5c80000)
  to   space 1024K, 0% used [0x00000000d5d00000,0x00000000d5d00000,0x00000000d5e00000)
 ParOldGen       total 793088K, used 498047K [0x0000000080000000, 0x00000000b0680000, 0x00000000d5580000)
  object space 793088K, 62% used [0x0000000080000000,0x000000009e65fd60,0x00000000b0680000)
 Metaspace       used 86400K, committed 88384K, reserved 1179648K
  class space    used 9029K, committed 10048K, reserved 1048576K
}

