# JRE version: OpenJDK Runtime Environment Temurin-21.0.9+10 (21.0.9+10) (build 21.0.9+10-LTS)
# Java VM: OpenJDK 64-Bit Server VM Temurin-21.0.9+10 (21.0.9+10-LTS, mixed mode, sharing, tiered, compressed oops, compressed class ptrs, parallel gc, windows-amd64)
GC Precious Log:
 CardTable entry size: 512
 CPUs: 32 total, 32 available
 Memory: 65270M
 Large Page Support: Disabled
 NUMA Support: Disabled
 Compressed Oops: Enabled (32-bit)
 Alignments: Space 512K, Generation 512K, Heap 2M
 Heap Min Capacity: 100M
 Heap Initial Capacity: 100M
 Heap Max Capacity: 2G
 Pre-touch: Disabled
 Parallel Workers: 23
Heap:
 PSYoungGen      total 5120K, used 2501K [0x00000000d5580000, 0x00000000d5b80000, 0x0000000100000000)
  eden space 4096K, 43% used [0x00000000d5580000,0x00000000d57403a0,0x00000000d5980000)
  from space 1024K, 69% used [0x00000000d5a80000,0x00000000d5b31210,0x00000000d5b80000)
  to   space 1024K, 0% used [0x00000000d5980000,0x00000000d5980000,0x00000000d5a80000)
 ParOldGen       total 112128K, used 92843K [0x0000000080000000, 0x0000000086d80000, 0x00000000d5580000)
  object space 112128K, 82% used [0x0000000080000000,0x0000000085aaad10,0x0000000086d80000)
 Metaspace       used 88855K, committed 90688K, reserved 1179648K
  class space    used 9175K, committed 10048K, reserved 1048576K
GC Heap History (20 events):
Event: 555.444 GC heap before
{Heap before GC invocations=863 (full 6):
 PSYoungGen      total 5120K, used 4656K [0x00000000d5580000, 0x00000000d5b80000, 0x0000000100000000)
  eden space 4096K, 100% used [0x00000000d5580000,0x00000000d5980000,0x00000000d5980000)
  from space 1024K, 54% used [0x00000000d5a80000,0x00000000d5b0c010,0x00000000d5b80000)
  to   space 1024K, 0% used [0x00000000d5980000,0x00000000d5980000,0x00000000d5a80000)
 ParOldGen       total 112128K, used 88841K [0x0000000080000000, 0x0000000086d80000, 0x00000000d5580000)
  object space 112128K, 79% used [0x0000000080000000,0x00000000856c24c0,0x0000000086d80000)
 Metaspace       used 88839K, committed 90688K, reserved 1179648K
  class space    used 9175K, committed 10048K, reserved 1048576K
}
Event: 555.446 GC heap after
{Heap after GC invocations=863 (full 6):
 PSYoungGen      total 5120K, used 826K [0x00000000d5580000, 0x00000000d5b80000, 0x0000000100000000)
  eden space 4096K, 0% used [0x00000000d5580000,0x00000000d5580000,0x00000000d5980000)
  from space 1024K, 80% used [0x00000000d5980000,0x00000000d5a4e900,0x00000000d5a80000)
  to   space 1024K, 0% used [0x00000000d5a80000,0x00000000d5a80000,0x00000000d5b80000)
 ParOldGen       total 112128K, used 89201K [0x0000000080000000, 0x0000000086d80000, 0x00000000d5580000)
  object space 112128K, 79% used [0x0000000080000000,0x000000008571c4d0,0x0000000086d80000)
 Metaspace       used 88839K, committed 90688K, reserved 1179648K
  class space    used 9175K, committed 10048K, reserved 1048576K
}
Event: 555.613 GC heap before
{Heap before GC invocations=864 (full 6):
 PSYoungGen      total 5120K, used 4921K [0x00000000d5580000, 0x00000000d5b80000, 0x0000000100000000)
  eden space 4096K, 99% used [0x00000000d5580000,0x00000000d597fe90,0x00000000d5980000)
  from space 1024K, 80% used [0x00000000d5980000,0x00000000d5a4e900,0x00000000d5a80000)
  to   space 1024K, 0% used [0x00000000d5a80000,0x00000000d5a80000,0x00000000d5b80000)
 ParOldGen       total 112128K, used 89201K [0x0000000080000000, 0x0000000086d80000, 0x00000000d5580000)
  object space 112128K, 79% used [0x0000000080000000,0x000000008571c4d0,0x0000000086d80000)
 Metaspace       used 88839K, committed 90688K, reserved 1179648K
  class space    used 9175K, committed 10048K, reserved 1048576K
}
Event: 555.614 GC heap after
{Heap after GC invocations=864 (full 6):
 PSYoungGen      total 5120K, used 768K [0x00000000d5580000, 0x00000000d5b80000, 0x0000000100000000)
  eden space 4096K, 0% used [0x00000000d5580000,0x00000000d5580000,0x00000000d5980000)
  from space 1024K, 75% used [0x00000000d5a80000,0x00000000d5b40000,0x00000000d5b80000)
  to   space 1024K, 0% used [0x00000000d5980000,0x00000000d5980000,0x00000000d5a80000)
 ParOldGen       total 112128K, used 89837K [0x0000000080000000, 0x0000000086d80000, 0x00000000d5580000)
  object space 112128K, 80% used [0x0000000080000000,0x00000000857bb6e0,0x0000000086d80000)
 Metaspace       used 88839K, committed 90688K, reserved 1179648K
  class space    used 9175K, committed 10048K, reserved 1048576K
}
Event: 555.645 GC heap before
{Heap before GC invocations=865 (full 6):
 PSYoungGen      total 5120K, used 4864K [0x00000000d5580000, 0x00000000d5b80000, 0x0000000100000000)
  eden space 4096K, 100% used [0x00000000d5580000,0x00000000d5980000,0x00000000d5980000)
  from space 1024K, 75% used [0x00000000d5a80000,0x00000000d5b40000,0x00000000d5b80000)
  to   space 1024K, 0% used [0x00000000d5980000,0x00000000d5980000,0x00000000d5a80000)
 ParOldGen       total 112128K, used 89837K [0x0000000080000000, 0x0000000086d80000, 0x00000000d5580000)
  object space 112128K, 80% used [0x0000000080000000,0x00000000857bb6e0,0x0000000086d80000)
 Metaspace       used 88839K, committed 90688K, reserved 1179648K
  class space    used 9175K, committed 10048K, reserved 1048576K
}
Event: 555.646 GC heap after
{Heap after GC invocations=865 (full 6):
 PSYoungGen      total 5120K, used 762K [0x00000000d5580000, 0x00000000d5b80000, 0x0000000100000000)
  eden space 4096K, 0% used [0x00000000d5580000,0x00000000d5580000,0x00000000d5980000)
  from space 1024K, 74% used [0x00000000d5980000,0x00000000d5a3e900,0x00000000d5a80000)
  to   space 1024K, 0% used [0x00000000d5a80000,0x00000000d5a80000,0x00000000d5b80000)
 ParOldGen       total 112128K, used 90317K [0x0000000080000000, 0x0000000086d80000, 0x00000000d5580000)
  object space 112128K, 80% used [0x0000000080000000,0x00000000858336e0,0x0000000086d80000)
 Metaspace       used 88839K, committed 90688K, reserved 1179648K
  class space    used 9175K, committed 10048K, reserved 1048576K
}
Event: 556.027 GC heap before
{Heap before GC invocations=866 (full 6):
 PSYoungGen      total 5120K, used 4858K [0x00000000d5580000, 0x00000000d5b80000, 0x0000000100000000)
  eden space 4096K, 99% used [0x00000000d5580000,0x00000000d597ffc0,0x00000000d5980000)
  from space 1024K, 74% used [0x00000000d5980000,0x00000000d5a3e900,0x00000000d5a80000)
  to   space 1024K, 0% used [0x00000000d5a80000,0x00000000d5a80000,0x00000000d5b80000)
 ParOldGen       total 112128K, used 90317K [0x0000000080000000, 0x0000000086d80000, 0x00000000d5580000)
  object space 112128K, 80% used [0x0000000080000000,0x00000000858336e0,0x0000000086d80000)
 Metaspace       used 88841K, committed 90688K, reserved 1179648K
  class space    used 9175K, committed 10048K, reserved 1048576K
}
Event: 556.028 GC heap after
{Heap after GC invocations=866 (full 6):
 PSYoungGen      total 5120K, used 714K [0x00000000d5580000, 0x00000000d5b80000, 0x0000000100000000)
  eden space 4096K, 0% used [0x00000000d5580000,0x00000000d5580000,0x00000000d5980000)
  from space 1024K, 69% used [0x00000000d5a80000,0x00000000d5b32910,0x00000000d5b80000)
  to   space 1024K, 0% used [0x00000000d5980000,0x00000000d5980000,0x00000000d5a80000)
 ParOldGen       total 112128K, used 90722K [0x0000000080000000, 0x0000000086d80000, 0x00000000d5580000)
  object space 112128K, 80% used [0x0000000080000000,0x00000000858988f0,0x0000000086d80000)
 Metaspace       used 88841K, committed 90688K, reserved 1179648K
  class space    used 9175K, committed 10048K, reserved 1048576K
}
Event: 556.032 GC heap before
{Heap before GC invocations=867 (full 6):
 PSYoungGen      total 5120K, used 4810K [0x00000000d5580000, 0x00000000d5b80000, 0x0000000100000000)
  eden space 4096K, 100% used [0x00000000d5580000,0x00000000d5980000,0x00000000d5980000)
  from space 1024K, 69% used [0x00000000d5a80000,0x00000000d5b32910,0x00000000d5b80000)
  to   space 1024K, 0% used [0x00000000d5980000,0x00000000d5980000,0x00000000d5a80000)
 ParOldGen       total 112128K, used 90722K [0x0000000080000000, 0x0000000086d80000, 0x00000000d5580000)
  object space 112128K, 80% used [0x0000000080000000,0x00000000858988f0,0x0000000086d80000)
 Metaspace       used 88841K, committed 90688K, reserved 1179648K
  class space    used 9175K, committed 10048K, reserved 1048576K
}
Event: 556.034 GC heap after
{Heap after GC invocations=867 (full 6):
 PSYoungGen      total 5120K, used 832K [0x00000000d5580000, 0x00000000d5b80000, 0x0000000100000000)
  eden space 4096K, 0% used [0x00000000d5580000,0x00000000d5580000,0x00000000d5980000)
  from space 1024K, 81% used [0x00000000d5980000,0x00000000d5a50000,0x00000000d5a80000)
  to   space 1024K, 0% used [0x00000000d5a80000,0x00000000d5a80000,0x00000000d5b80000)
 ParOldGen       total 112128K, used 91270K [0x0000000080000000, 0x0000000086d80000, 0x00000000d5580000)
  object space 112128K, 81% used [0x0000000080000000,0x0000000085921b00,0x0000000086d80000)
 Metaspace       used 88841K, committed 90688K, reserved 1179648K
  class space    used 9175K, committed 10048K, reserved 1048576K
}
Event: 556.038 GC heap before
{Heap before GC invocations=868 (full 6):
 PSYoungGen      total 5120K, used 4928K [0x00000000d5580000, 0x00000000d5b80000, 0x0000000100000000)
  eden space 4096K, 100% used [0x00000000d5580000,0x00000000d5980000,0x00000000d5980000)
  from space 1024K, 81% used [0x00000000d5980000,0x00000000d5a50000,0x00000000d5a80000)
  to   space 1024K, 0% used [0x00000000d5a80000,0x00000000d5a80000,0x00000000d5b80000)
 ParOldGen       total 112128K, used 91270K [0x0000000080000000, 0x0000000086d80000, 0x00000000d5580000)
  object space 112128K, 81% used [0x0000000080000000,0x0000000085921b00,0x0000000086d80000)
 Metaspace       used 88841K, committed 90688K, reserved 1179648K
  class space    used 9175K, committed 10048K, reserved 1048576K
}
Event: 556.040 GC heap after
{Heap after GC invocations=868 (full 6):
 PSYoungGen      total 5120K, used 820K [0x00000000d5580000, 0x00000000d5b80000, 0x0000000100000000)
  eden space 4096K, 0% used [0x00000000d5580000,0x00000000d5580000,0x00000000d5980000)
  from space 1024K, 80% used [0x00000000d5a80000,0x00000000d5b4d200,0x00000000d5b80000)
  to   space 1024K, 0% used [0x00000000d5980000,0x00000000d5980000,0x00000000d5a80000)
 ParOldGen       total 112128K, used 91790K [0x0000000080000000, 0x0000000086d80000, 0x00000000d5580000)
  object space 112128K, 81% used [0x0000000080000000,0x00000000859a3b00,0x0000000086d80000)
 Metaspace       used 88841K, committed 90688K, reserved 1179648K
  class space    used 9175K, committed 10048K, reserved 1048576K
}
Event: 558.063 GC heap before
{Heap before GC invocations=869 (full 6):
 PSYoungGen      total 5120K, used 4916K [0x00000000d5580000, 0x00000000d5b80000, 0x0000000100000000)
  eden space 4096K, 100% used [0x00000000d5580000,0x00000000d5980000,0x00000000d5980000)
  from space 1024K, 80% used [0x00000000d5a80000,0x00000000d5b4d200,0x00000000d5b80000)
  to   space 1024K, 0% used [0x00000000d5980000,0x00000000d5980000,0x00000000d5a80000)
 ParOldGen       total 112128K, used 91790K [0x0000000080000000, 0x0000000086d80000, 0x00000000d5580000)
  object space 112128K, 81% used [0x0000000080000000,0x00000000859a3b00,0x0000000086d80000)
 Metaspace       used 88845K, committed 90688K, reserved 1179648K
  class space    used 9175K, committed 10048K, reserved 1048576K
}
Event: 558.064 GC heap after
{Heap after GC invocations=869 (full 6):
 PSYoungGen      total 5120K, used 544K [0x00000000d5580000, 0x00000000d5b80000, 0x0000000100000000)
  eden space 4096K, 0% used [0x00000000d5580000,0x00000000d5580000,0x00000000d5980000)
  from space 1024K, 53% used [0x00000000d5980000,0x00000000d5a08000,0x00000000d5a80000)
  to   space 1024K, 0% used [0x00000000d5a80000,0x00000000d5a80000,0x00000000d5b80000)
 ParOldGen       total 112128K, used 91966K [0x0000000080000000, 0x0000000086d80000, 0x00000000d5580000)
  object space 112128K, 82% used [0x0000000080000000,0x00000000859cfb00,0x0000000086d80000)
 Metaspace       used 88845K, committed 90688K, reserved 1179648K
  class space    used 9175K, committed 10048K, reserved 1048576K
}
Event: 558.314 GC heap before
{Heap before GC invocations=870 (full 6):
 PSYoungGen      total 5120K, used 4640K [0x00000000d5580000, 0x00000000d5b80000, 0x0000000100000000)
  eden space 4096K, 100% used [0x00000000d5580000,0x00000000d5980000,0x00000000d5980000)
  from space 1024K, 53% used [0x00000000d5980000,0x00000000d5a08000,0x00000000d5a80000)
  to   space 1024K, 0% used [0x00000000d5a80000,0x00000000d5a80000,0x00000000d5b80000)
 ParOldGen       total 112128K, used 91966K [0x0000000080000000, 0x0000000086d80000, 0x00000000d5580000)
  object space 112128K, 82% used [0x0000000080000000,0x00000000859cfb00,0x0000000086d80000)
 Metaspace       used 88852K, committed 90688K, reserved 1179648K
  class space    used 9175K, committed 10048K, reserved 1048576K
}
Event: 558.315 GC heap after
{Heap after GC invocations=870 (full 6):
 PSYoungGen      total 5120K, used 768K [0x00000000d5580000, 0x00000000d5b80000, 0x0000000100000000)
  eden space 4096K, 0% used [0x00000000d5580000,0x00000000d5580000,0x00000000d5980000)
  from space 1024K, 75% used [0x00000000d5a80000,0x00000000d5b40000,0x00000000d5b80000)
  to   space 1024K, 0% used [0x00000000d5980000,0x00000000d5980000,0x00000000d5a80000)
 ParOldGen       total 112128K, used 92187K [0x0000000080000000, 0x0000000086d80000, 0x00000000d5580000)
  object space 112128K, 82% used [0x0000000080000000,0x0000000085a06d10,0x0000000086d80000)
 Metaspace       used 88852K, committed 90688K, reserved 1179648K
  class space    used 9175K, committed 10048K, reserved 1048576K
}
Event: 558.526 GC heap before
{Heap before GC invocations=871 (full 6):
 PSYoungGen      total 5120K, used 4864K [0x00000000d5580000, 0x00000000d5b80000, 0x0000000100000000)
  eden space 4096K, 100% used [0x00000000d5580000,0x00000000d5980000,0x00000000d5980000)
  from space 1024K, 75% used [0x00000000d5a80000,0x00000000d5b40000,0x00000000d5b80000)
  to   space 1024K, 0% used [0x00000000d5980000,0x00000000d5980000,0x00000000d5a80000)
 ParOldGen       total 112128K, used 92187K [0x0000000080000000, 0x0000000086d80000, 0x00000000d5580000)
  object space 112128K, 82% used [0x0000000080000000,0x0000000085a06d10,0x0000000086d80000)
 Metaspace       used 88853K, committed 90688K, reserved 1179648K
  class space    used 9175K, committed 10048K, reserved 1048576K
}
Event: 558.527 GC heap after
{Heap after GC invocations=871 (full 6):
 PSYoungGen      total 5120K, used 746K [0x00000000d5580000, 0x00000000d5b80000, 0x0000000100000000)
  eden space 4096K, 0% used [0x00000000d5580000,0x00000000d5580000,0x00000000d5980000)
  from space 1024K, 72% used [0x00000000d5980000,0x00000000d5a3a910,0x00000000d5a80000)
  to   space 1024K, 0% used [0x00000000d5a80000,0x00000000d5a80000,0x00000000d5b80000)
 ParOldGen       total 112128K, used 92731K [0x0000000080000000, 0x0000000086d80000, 0x00000000d5580000)
  object space 112128K, 82% used [0x0000000080000000,0x0000000085a8ed10,0x0000000086d80000)
 Metaspace       used 88853K, committed 90688K, reserved 1179648K
  class space    used 9175K, committed 10048K, reserved 1048576K
}
Event: 558.530 GC heap before
{Heap before GC invocations=872 (full 6):
 PSYoungGen      total 5120K, used 4842K [0x00000000d5580000, 0x00000000d5b80000, 0x0000000100000000)
  eden space 4096K, 100% used [0x00000000d5580000,0x00000000d5980000,0x00000000d5980000)
  from space 1024K, 72% used [0x00000000d5980000,0x00000000d5a3a910,0x00000000d5a80000)
  to   space 1024K, 0% used [0x00000000d5a80000,0x00000000d5a80000,0x00000000d5b80000)
 ParOldGen       total 112128K, used 92731K [0x0000000080000000, 0x0000000086d80000, 0x00000000d5580000)
  object space 112128K, 82% used [0x0000000080000000,0x0000000085a8ed10,0x0000000086d80000)
 Metaspace       used 88854K, committed 90688K, reserved 1179648K
  class space    used 9175K, committed 10048K, reserved 1048576K
}
Event: 558.531 GC heap after
{Heap after GC invocations=872 (full 6):
 PSYoungGen      total 5120K, used 708K [0x00000000d5580000, 0x00000000d5b80000, 0x0000000100000000)
  eden space 4096K, 0% used [0x00000000d5580000,0x00000000d5580000,0x00000000d5980000)
  from space 1024K, 69% used [0x00000000d5a80000,0x00000000d5b31210,0x00000000d5b80000)
  to   space 1024K, 0% used [0x00000000d5980000,0x00000000d5980000,0x00000000d5a80000)
 ParOldGen       total 112128K, used 92843K [0x0000000080000000, 0x0000000086d80000, 0x00000000d5580000)
  object space 112128K, 82% used [0x0000000080000000,0x0000000085aaad10,0x0000000086d80000)
 Metaspace       used 88854K, committed 90688K, reserved 1179648K
  class space    used 9175K, committed 10048K, reserved 1048576K
}

