# JRE version: OpenJDK Runtime Environment Temurin-21.0.9+10 (21.0.9+10) (build 21.0.9+10-LTS)
# Java VM: OpenJDK 64-Bit Server VM Temurin-21.0.9+10 (21.0.9+10-LTS, mixed mode, sharing, tiered, compressed oops, compressed class ptrs, parallel gc, windows-amd64)
GC Precious Log:
 CardTable entry size: 512
 CPUs: 32 total, 32 available
 Memory: 65270M
 Large Page Support: Disabled
 NUMA Support: Disabled
 Compressed Oops: Enabled (32-bit)
 Alignments: Space 512K, Generation 512K, Heap 2M
 Heap Min Capacity: 100M
 Heap Initial Capacity: 100M
 Heap Max Capacity: 2G
 Pre-touch: Disabled
 Parallel Workers: 23
Heap:
 PSYoungGen      total 7168K, used 475K [0x00000000d5580000, 0x00000000d5e80000, 0x0000000100000000)
  eden space 6656K, 7% used [0x00000000d5580000,0x00000000d55f6f00,0x00000000d5c00000)
  from space 512K, 0% used [0x00000000d5d00000,0x00000000d5d00000,0x00000000d5d80000)
  to   space 1024K, 0% used [0x00000000d5d80000,0x00000000d5d80000,0x00000000d5e80000)
 ParOldGen       total 811008K, used 83709K [0x0000000080000000, 0x00000000b1800000, 0x00000000d5580000)
  object space 811008K, 10% used [0x0000000080000000,0x00000000851bf470,0x00000000b1800000)
 Metaspace       used 90019K, committed 92480K, reserved 1179648K
  class space    used 9294K, committed 10304K, reserved 1048576K
GC Heap History (20 events):
Event: 2464.724 GC heap before
{Heap before GC invocations=1047 (full 4):
 PSYoungGen      total 7680K, used 7668K [0x00000000d5580000, 0x00000000d6100000, 0x0000000100000000)
  eden space 6656K, 100% used [0x00000000d5580000,0x00000000d5c00000,0x00000000d5c00000)
  from space 1024K, 98% used [0x00000000d5f00000,0x00000000d5ffd200,0x00000000d6000000)
  to   space 2560K, 0% used [0x00000000d5c00000,0x00000000d5c00000,0x00000000d5e80000)
 ParOldGen       total 805888K, used 805647K [0x0000000080000000, 0x00000000b1300000, 0x00000000d5580000)
  object space 805888K, 99% used [0x0000000080000000,0x00000000b12c3e38,0x00000000b1300000)
 Metaspace       used 90569K, committed 92544K, reserved 1179648K
  class space    used 9403K, committed 10304K, reserved 1048576K
}
Event: 2464.725 GC heap after
{Heap after GC invocations=1047 (full 4):
 PSYoungGen      total 8192K, used 1108K [0x00000000d5580000, 0x00000000d5f80000, 0x0000000100000000)
  eden space 6656K, 0% used [0x00000000d5580000,0x00000000d5580000,0x00000000d5c00000)
  from space 1536K, 72% used [0x00000000d5c00000,0x00000000d5d15200,0x00000000d5d80000)
  to   space 1536K, 0% used [0x00000000d5e00000,0x00000000d5e00000,0x00000000d5f80000)
 ParOldGen       total 806912K, used 806552K [0x0000000080000000, 0x00000000b1400000, 0x00000000d5580000)
  object space 806912K, 99% used [0x0000000080000000,0x00000000b13a6228,0x00000000b1400000)
 Metaspace       used 90569K, committed 92544K, reserved 1179648K
  class space    used 9403K, committed 10304K, reserved 1048576K
}
Event: 2464.821 GC heap before
{Heap before GC invocations=1048 (full 4):
 PSYoungGen      total 8192K, used 7764K [0x00000000d5580000, 0x00000000d5f80000, 0x0000000100000000)
  eden space 6656K, 100% used [0x00000000d5580000,0x00000000d5c00000,0x00000000d5c00000)
  from space 1536K, 72% used [0x00000000d5c00000,0x00000000d5d15200,0x00000000d5d80000)
  to   space 1536K, 0% used [0x00000000d5e00000,0x00000000d5e00000,0x00000000d5f80000)
 ParOldGen       total 806912K, used 806552K [0x0000000080000000, 0x00000000b1400000, 0x00000000d5580000)
  object space 806912K, 99% used [0x0000000080000000,0x00000000b13a6228,0x00000000b1400000)
 Metaspace       used 90585K, committed 92608K, reserved 1179648K
  class space    used 9403K, committed 10304K, reserved 1048576K
}
Event: 2464.823 GC heap after
{Heap after GC invocations=1048 (full 4):
 PSYoungGen      total 7168K, used 464K [0x00000000d5580000, 0x00000000d5e80000, 0x0000000100000000)
  eden space 6656K, 0% used [0x00000000d5580000,0x00000000d5580000,0x00000000d5c00000)
  from space 512K, 90% used [0x00000000d5e00000,0x00000000d5e74010,0x00000000d5e80000)
  to   space 1024K, 0% used [0x00000000d5c80000,0x00000000d5c80000,0x00000000d5d80000)
 ParOldGen       total 807424K, used 807076K [0x0000000080000000, 0x00000000b1480000, 0x00000000d5580000)
  object space 807424K, 99% used [0x0000000080000000,0x00000000b1429128,0x00000000b1480000)
 Metaspace       used 90585K, committed 92608K, reserved 1179648K
  class space    used 9403K, committed 10304K, reserved 1048576K
}
Event: 2464.829 GC heap before
{Heap before GC invocations=1049 (full 4):
 PSYoungGen      total 7168K, used 7120K [0x00000000d5580000, 0x00000000d5e80000, 0x0000000100000000)
  eden space 6656K, 100% used [0x00000000d5580000,0x00000000d5c00000,0x00000000d5c00000)
  from space 512K, 90% used [0x00000000d5e00000,0x00000000d5e74010,0x00000000d5e80000)
  to   space 1024K, 0% used [0x00000000d5c80000,0x00000000d5c80000,0x00000000d5d80000)
 ParOldGen       total 807424K, used 807076K [0x0000000080000000, 0x00000000b1480000, 0x00000000d5580000)
  object space 807424K, 99% used [0x0000000080000000,0x00000000b1429128,0x00000000b1480000)
 Metaspace       used 90585K, committed 92608K, reserved 1179648K
  class space    used 9403K, committed 10304K, reserved 1048576K
}
Event: 2464.831 GC heap after
{Heap after GC invocations=1049 (full 4):
 PSYoungGen      total 7680K, used 1002K [0x00000000d5580000, 0x00000000d5f00000, 0x0000000100000000)
  eden space 6656K, 0% used [0x00000000d5580000,0x00000000d5580000,0x00000000d5c00000)
  from space 1024K, 97% used [0x00000000d5c80000,0x00000000d5d7a910,0x00000000d5d80000)
  to   space 1536K, 0% used [0x00000000d5d80000,0x00000000d5d80000,0x00000000d5f00000)
 ParOldGen       total 807424K, used 807284K [0x0000000080000000, 0x00000000b1480000, 0x00000000d5580000)
  object space 807424K, 99% used [0x0000000080000000,0x00000000b145d128,0x00000000b1480000)
 Metaspace       used 90585K, committed 92608K, reserved 1179648K
  class space    used 9403K, committed 10304K, reserved 1048576K
}
Event: 2465.022 GC heap before
{Heap before GC invocations=1050 (full 4):
 PSYoungGen      total 7680K, used 7658K [0x00000000d5580000, 0x00000000d5f00000, 0x0000000100000000)
  eden space 6656K, 100% used [0x00000000d5580000,0x00000000d5c00000,0x00000000d5c00000)
  from space 1024K, 97% used [0x00000000d5c80000,0x00000000d5d7a910,0x00000000d5d80000)
  to   space 1536K, 0% used [0x00000000d5d80000,0x00000000d5d80000,0x00000000d5f00000)
 ParOldGen       total 807424K, used 807284K [0x0000000080000000, 0x00000000b1480000, 0x00000000d5580000)
  object space 807424K, 99% used [0x0000000080000000,0x00000000b145d128,0x00000000b1480000)
 Metaspace       used 90631K, committed 92672K, reserved 1179648K
  class space    used 9406K, committed 10304K, reserved 1048576K
}
Event: 2465.023 GC heap after
{Heap after GC invocations=1050 (full 4):
 PSYoungGen      total 7680K, used 833K [0x00000000d5580000, 0x00000000d5e80000, 0x0000000100000000)
  eden space 6656K, 0% used [0x00000000d5580000,0x00000000d5580000,0x00000000d5c00000)
  from space 1024K, 81% used [0x00000000d5d80000,0x00000000d5e50630,0x00000000d5e80000)
  to   space 1024K, 0% used [0x00000000d5c80000,0x00000000d5c80000,0x00000000d5d80000)
 ParOldGen       total 808448K, used 808196K [0x0000000080000000, 0x00000000b1580000, 0x00000000d5580000)
  object space 808448K, 99% used [0x0000000080000000,0x00000000b1541348,0x00000000b1580000)
 Metaspace       used 90631K, committed 92672K, reserved 1179648K
  class space    used 9406K, committed 10304K, reserved 1048576K
}
Event: 2465.034 GC heap before
{Heap before GC invocations=1051 (full 4):
 PSYoungGen      total 7680K, used 7489K [0x00000000d5580000, 0x00000000d5e80000, 0x0000000100000000)
  eden space 6656K, 100% used [0x00000000d5580000,0x00000000d5c00000,0x00000000d5c00000)
  from space 1024K, 81% used [0x00000000d5d80000,0x00000000d5e50630,0x00000000d5e80000)
  to   space 1024K, 0% used [0x00000000d5c80000,0x00000000d5c80000,0x00000000d5d80000)
 ParOldGen       total 808448K, used 808196K [0x0000000080000000, 0x00000000b1580000, 0x00000000d5580000)
  object space 808448K, 99% used [0x0000000080000000,0x00000000b1541348,0x00000000b1580000)
 Metaspace       used 90647K, committed 92672K, reserved 1179648K
  class space    used 9407K, committed 10304K, reserved 1048576K
}
Event: 2465.035 GC heap after
{Heap after GC invocations=1051 (full 4):
 PSYoungGen      total 7680K, used 1008K [0x00000000d5580000, 0x00000000d6000000, 0x0000000100000000)
  eden space 6656K, 0% used [0x00000000d5580000,0x00000000d5580000,0x00000000d5c00000)
  from space 1024K, 98% used [0x00000000d5c80000,0x00000000d5d7c228,0x00000000d5d80000)
  to   space 2048K, 0% used [0x00000000d5e00000,0x00000000d5e00000,0x00000000d6000000)
 ParOldGen       total 808960K, used 808761K [0x0000000080000000, 0x00000000b1600000, 0x00000000d5580000)
  object space 808960K, 99% used [0x0000000080000000,0x00000000b15ce530,0x00000000b1600000)
 Metaspace       used 90647K, committed 92672K, reserved 1179648K
  class space    used 9407K, committed 10304K, reserved 1048576K
}
Event: 2465.050 GC heap before
{Heap before GC invocations=1052 (full 4):
 PSYoungGen      total 7680K, used 7664K [0x00000000d5580000, 0x00000000d6000000, 0x0000000100000000)
  eden space 6656K, 100% used [0x00000000d5580000,0x00000000d5c00000,0x00000000d5c00000)
  from space 1024K, 98% used [0x00000000d5c80000,0x00000000d5d7c228,0x00000000d5d80000)
  to   space 2048K, 0% used [0x00000000d5e00000,0x00000000d5e00000,0x00000000d6000000)
 ParOldGen       total 808960K, used 808761K [0x0000000080000000, 0x00000000b1600000, 0x00000000d5580000)
  object space 808960K, 99% used [0x0000000080000000,0x00000000b15ce530,0x00000000b1600000)
 Metaspace       used 90676K, committed 92672K, reserved 1179648K
  class space    used 9408K, committed 10304K, reserved 1048576K
}
Event: 2465.051 GC heap after
{Heap after GC invocations=1052 (full 4):
 PSYoungGen      total 8192K, used 1376K [0x00000000d5580000, 0x00000000d5f80000, 0x0000000100000000)
  eden space 6656K, 0% used [0x00000000d5580000,0x00000000d5580000,0x00000000d5c00000)
  from space 1536K, 89% used [0x00000000d5e00000,0x00000000d5f58018,0x00000000d5f80000)
  to   space 1536K, 0% used [0x00000000d5c80000,0x00000000d5c80000,0x00000000d5e00000)
 ParOldGen       total 809984K, used 809500K [0x0000000080000000, 0x00000000b1700000, 0x00000000d5580000)
  object space 809984K, 99% used [0x0000000080000000,0x00000000b1687058,0x00000000b1700000)
 Metaspace       used 90676K, committed 92672K, reserved 1179648K
  class space    used 9408K, committed 10304K, reserved 1048576K
}
Event: 2465.279 GC heap before
{Heap before GC invocations=1053 (full 4):
 PSYoungGen      total 8192K, used 8032K [0x00000000d5580000, 0x00000000d5f80000, 0x0000000100000000)
  eden space 6656K, 100% used [0x00000000d5580000,0x00000000d5c00000,0x00000000d5c00000)
  from space 1536K, 89% used [0x00000000d5e00000,0x00000000d5f58018,0x00000000d5f80000)
  to   space 1536K, 0% used [0x00000000d5c80000,0x00000000d5c80000,0x00000000d5e00000)
 ParOldGen       total 809984K, used 809500K [0x0000000080000000, 0x00000000b1700000, 0x00000000d5580000)
  object space 809984K, 99% used [0x0000000080000000,0x00000000b1687058,0x00000000b1700000)
 Metaspace       used 90715K, committed 92736K, reserved 1179648K
  class space    used 9408K, committed 10304K, reserved 1048576K
}
Event: 2465.280 GC heap after
{Heap after GC invocations=1053 (full 4):
 PSYoungGen      total 8192K, used 1146K [0x00000000d5580000, 0x00000000d5f00000, 0x0000000100000000)
  eden space 6656K, 0% used [0x00000000d5580000,0x00000000d5580000,0x00000000d5c00000)
  from space 1536K, 74% used [0x00000000d5c80000,0x00000000d5d9e900,0x00000000d5e00000)
  to   space 1024K, 0% used [0x00000000d5e00000,0x00000000d5e00000,0x00000000d5f00000)
 ParOldGen       total 811008K, used 810634K [0x0000000080000000, 0x00000000b1800000, 0x00000000d5580000)
  object space 811008K, 99% used [0x0000000080000000,0x00000000b17a2970,0x00000000b1800000)
 Metaspace       used 90715K, committed 92736K, reserved 1179648K
  class space    used 9408K, committed 10304K, reserved 1048576K
}
Event: 2465.287 GC heap before
{Heap before GC invocations=1054 (full 4):
 PSYoungGen      total 8192K, used 7802K [0x00000000d5580000, 0x00000000d5f00000, 0x0000000100000000)
  eden space 6656K, 100% used [0x00000000d5580000,0x00000000d5c00000,0x00000000d5c00000)
  from space 1536K, 74% used [0x00000000d5c80000,0x00000000d5d9e900,0x00000000d5e00000)
  to   space 1024K, 0% used [0x00000000d5e00000,0x00000000d5e00000,0x00000000d5f00000)
 ParOldGen       total 811008K, used 810634K [0x0000000080000000, 0x00000000b1800000, 0x00000000d5580000)
  object space 811008K, 99% used [0x0000000080000000,0x00000000b17a2970,0x00000000b1800000)
 Metaspace       used 90715K, committed 92736K, reserved 1179648K
  class space    used 9408K, committed 10304K, reserved 1048576K
}
Event: 2465.289 GC heap after
{Heap after GC invocations=1054 (full 4):
 PSYoungGen      total 7680K, used 884K [0x00000000d5580000, 0x00000000d5f00000, 0x0000000100000000)
  eden space 6656K, 0% used [0x00000000d5580000,0x00000000d5580000,0x00000000d5c00000)
  from space 1024K, 86% used [0x00000000d5e00000,0x00000000d5edd200,0x00000000d5f00000)
  to   space 1024K, 0% used [0x00000000d5d00000,0x00000000d5d00000,0x00000000d5e00000)
 ParOldGen       total 811008K, used 810794K [0x0000000080000000, 0x00000000b1800000, 0x00000000d5580000)
  object space 811008K, 99% used [0x0000000080000000,0x00000000b17ca970,0x00000000b1800000)
 Metaspace       used 90715K, committed 92736K, reserved 1179648K
  class space    used 9408K, committed 10304K, reserved 1048576K
}
Event: 2465.401 GC heap before
{Heap before GC invocations=1055 (full 4):
 PSYoungGen      total 7680K, used 5638K [0x00000000d5580000, 0x00000000d5f00000, 0x0000000100000000)
  eden space 6656K, 71% used [0x00000000d5580000,0x00000000d5a246f0,0x00000000d5c00000)
  from space 1024K, 86% used [0x00000000d5e00000,0x00000000d5edd200,0x00000000d5f00000)
  to   space 1024K, 0% used [0x00000000d5d00000,0x00000000d5d00000,0x00000000d5e00000)
 ParOldGen       total 811008K, used 810794K [0x0000000080000000, 0x00000000b1800000, 0x00000000d5580000)
  object space 811008K, 99% used [0x0000000080000000,0x00000000b17ca970,0x00000000b1800000)
 Metaspace       used 90716K, committed 92736K, reserved 1179648K
  class space    used 9408K, committed 10304K, reserved 1048576K
}
Event: 2465.402 GC heap after
{Heap after GC invocations=1055 (full 4):
 PSYoungGen      total 7168K, used 320K [0x00000000d5580000, 0x00000000d5e80000, 0x0000000100000000)
  eden space 6656K, 0% used [0x00000000d5580000,0x00000000d5580000,0x00000000d5c00000)
  from space 512K, 62% used [0x00000000d5d00000,0x00000000d5d50000,0x00000000d5d80000)
  to   space 1024K, 0% used [0x00000000d5d80000,0x00000000d5d80000,0x00000000d5e80000)
 ParOldGen       total 811008K, used 810834K [0x0000000080000000, 0x00000000b1800000, 0x00000000d5580000)
  object space 811008K, 99% used [0x0000000080000000,0x00000000b17d4970,0x00000000b1800000)
 Metaspace       used 90716K, committed 92736K, reserved 1179648K
  class space    used 9408K, committed 10304K, reserved 1048576K
}
Event: 2465.402 GC heap before
{Heap before GC invocations=1056 (full 5):
 PSYoungGen      total 7168K, used 320K [0x00000000d5580000, 0x00000000d5e80000, 0x0000000100000000)
  eden space 6656K, 0% used [0x00000000d5580000,0x00000000d5580000,0x00000000d5c00000)
  from space 512K, 62% used [0x00000000d5d00000,0x00000000d5d50000,0x00000000d5d80000)
  to   space 1024K, 0% used [0x00000000d5d80000,0x00000000d5d80000,0x00000000d5e80000)
 ParOldGen       total 811008K, used 810834K [0x0000000080000000, 0x00000000b1800000, 0x00000000d5580000)
  object space 811008K, 99% used [0x0000000080000000,0x00000000b17d4970,0x00000000b1800000)
 Metaspace       used 90716K, committed 92736K, reserved 1179648K
  class space    used 9408K, committed 10304K, reserved 1048576K
}
Event: 2465.467 GC heap after
{Heap after GC invocations=1056 (full 5):
 PSYoungGen      total 7168K, used 0K [0x00000000d5580000, 0x00000000d5e80000, 0x0000000100000000)
  eden space 6656K, 0% used [0x00000000d5580000,0x00000000d5580000,0x00000000d5c00000)
  from space 512K, 0% used [0x00000000d5d00000,0x00000000d5d00000,0x00000000d5d80000)
  to   space 1024K, 0% used [0x00000000d5d80000,0x00000000d5d80000,0x00000000d5e80000)
 ParOldGen       total 811008K, used 83709K [0x0000000080000000, 0x00000000b1800000, 0x00000000d5580000)
  object space 811008K, 10% used [0x0000000080000000,0x00000000851bf470,0x00000000b1800000)
 Metaspace       used 90019K, committed 92480K, reserved 1179648K
  class space    used 9294K, committed 10304K, reserved 1048576K
}

